#
# A fatal error has been detected by the Java Runtime Environment:
#
#  SIGSEGV (0xb) at pc=0x000000010d9cd870, pid=9762, tid=25859
#
# JRE version: OpenJDK Runtime Environment Corretto-17.0.5.8.1 (17.0.5+8) (build 17.0.5+8-LTS)
# Java VM: OpenJDK 64-Bit Server VM Corretto-17.0.5.8.1 (17.0.5+8-LTS, mixed mode, sharing, tiered, compressed oops, compressed class ptrs, g1 gc, bsd-amd64)
# Problematic frame:
# V  [libjvm.dylib+0x167870]  _ZN5Chunk9next_chopEv+0x20
#
# No core dump will be written. Core dumps have been disabled. To enable core dumping, try "ulimit -c unlimited" before starting Java again
#
# If you would like to submit a bug report, please visit:
#   https://github.com/corretto/corretto-17/issues/
#

---------------  S U M M A R Y ------------

Command Line: -Dfile.encoding=UTF-8 -Duser.country=IN -Duser.language=en -Duser.variant com.mygdx.game.DesktopLauncher

Host: "MacBookAir10,1" x86_64 (EMULATED) 2400 MHz, 8 cores, 8G, Darwin 21.5.0, macOS 12.4 (21F79)
Time: Tue Nov 22 05:56:37 2022 IST elapsed time: 16.379299 seconds (0d 0h 0m 16s)

---------------  T H R E A D  ---------------

Current thread (0x00007fb4b901dc00):  JavaThread "C2 CompilerThread0" daemon [_thread_in_vm, id=25859, stack(0x000000030d0f4000,0x000000030d1f4000)]


Current CompileTask:
C2:  16379  901       4       com.badlogic.gdx.graphics.g2d.SpriteBatch::flush (193 bytes)

Stack: [0x000000030d0f4000,0x000000030d1f4000],  sp=0x000000030d1f3a60,  free space=1022k
Native frames: (J=compiled Java code, j=interpreted, Vv=VM code, C=native code)
V  [libjvm.dylib+0x167870]  _ZN5Chunk9next_chopEv+0x20
V  [libjvm.dylib+0x33ed51]  _ZN13CompileBroker25invoke_compiler_on_methodEP11CompileTask+0x1221
V  [libjvm.dylib+0x33d9dc]  _ZN13CompileBroker20compiler_thread_loopEv+0x38c
V  [libjvm.dylib+0xaa28d3]  _ZN10JavaThread17thread_main_innerEv+0x143
V  [libjvm.dylib+0xaa0c5f]  _ZN6Thread8call_runEv+0xbf
V  [libjvm.dylib+0x8abf68]  _ZL19thread_native_entryP6Thread+0x148
C  [libsystem_pthread.dylib+0x64e1]  _pthread_start+0x7d
C  [libsystem_pthread.dylib+0x1f6b]  thread_start+0xf


siginfo: si_signo: 11 (SIGSEGV), si_code: 1 (SEGV_MAPERR), si_addr: 0x412000004485c000

Register to memory mapping:

RAX=0x0 is NULL
RBX=0x412000004485c000 is an unknown value
RCX=0x000000010e59e008: _ZL8tc_mutex+0x20 in /Users/ganeev/Library/Java/JavaVirtualMachines/corretto-17.0.5/Contents/Home/lib/server/libjvm.dylib at 0x000000010d866000
RDX=0x0000140000001400 is an unknown value
RSP=0x000000030d1f3a60 is pointing into the stack for thread: 0x00007fb4b901dc00
RBP=0x000000030d1f3a70 is pointing into the stack for thread: 0x00007fb4b901dc00
RSI=0x0000000000003fff is an unknown value
RDI=0x412000004485c000 is an unknown value
R8 =0x00007fb4a0000000 points into unknown readable memory: 0x0000000000000000 | 00 00 00 00 00 00 00 00
R9 =0x0000000000000019 is an unknown value
R10=0x0 is NULL
R11=0x0000000000000141 is an unknown value
R12=0x00006000009fb600 points into unknown readable memory: 0x6f630029e1bd0004 | 04 00 bd e1 29 00 63 6f
R13=0x00006000035fc1b0 points into unknown readable memory: 0x00006000007fe400 | 00 e4 7f 00 00 60 00 00
R14=0x00007fb4b9807c80 points into unknown readable memory: 0x00007fb4b8834000 | 00 40 83 b8 b4 7f 00 00
R15=0x000000080045b156 is pointing into metadata


Registers:
RAX=0x0000000000000000, RBX=0x412000004485c000, RCX=0x000000010e59e008, RDX=0x0000140000001400
RSP=0x000000030d1f3a60, RBP=0x000000030d1f3a70, RSI=0x0000000000003fff, RDI=0x412000004485c000
R8 =0x00007fb4a0000000, R9 =0x0000000000000019, R10=0x0000000000000000, R11=0x0000000000000141
R12=0x00006000009fb600, R13=0x00006000035fc1b0, R14=0x00007fb4b9807c80, R15=0x000000080045b156
RIP=0x000000010d9cd870, EFLAGS=0x0000000000000206, ERR=0x0000000000000004
  TRAPNO=0x000000000000000e

Top of Stack: (sp=0x000000030d1f3a60)
0x000000030d1f3a60:   00007fb4b9807c80 00006000009ff840
0x000000030d1f3a70:   000000030d1f3da0 000000010dba4d51
0x000000030d1f3a80:   00007fb4b9807d30 0000000000000000
0x000000030d1f3a90:   0000000000000000 0000000200000000
0x000000030d1f3aa0:   00007fb4b9807d40 0000000000000000
0x000000030d1f3ab0:   00007fb4b9807c90 00007fb4b9808068
0x000000030d1f3ac0:   0000000000000000 0000000000000000
0x000000030d1f3ad0:   0000000000000000 000000012d68b860
0x000000030d1f3ae0:   00007fb4b901dc00 00000003cd79c409
0x000000030d1f3af0:   00000000deadbe00 000000030d1f3b20
0x000000030d1f3b00:   000000010e408cb5 0000000000000000
0x000000030d1f3b10:   0000000000000000 00000000000003d8
0x000000030d1f3b20:   0000000002a667e0 0000000000000000
0x000000030d1f3b30:   0000000080000000 00006000009ff840
0x000000030d1f3b40:   00007fb4b9807c80 0000038502e821a0
0x000000030d1f3b50:   000000030d1f3bc0 0000600003cf0340
0x000000030d1f3b60:   00007fb4b901dc00 00007ff802ebae7e
0x000000030d1f3b70:   0000000000000000 0000000000000001
0x000000030d1f3b80:   0000000000000000 00007fb4ba9b8620
0x000000030d1f3b90:   0000000000000004 0000000000034500
0x000000030d1f3ba0:   00006000035fc1b0 00007ff802eb8cbb
0x000000030d1f3bb0:   0000bd000000be02 ffffffff0000be02
0x000000030d1f3bc0:   0000600000000000 0003450000034700
0x000000030d1f3bd0:   0000000000000000 0000000000000000
0x000000030d1f3be0:   0000000000000000 0000000000000000
0x000000030d1f3bf0:   0000000000000000 0000000000000000
0x000000030d1f3c00:   0000000000000000 000000030d1f3c68
0x000000030d1f3c10:   000000000000004f 0000000000000100
0x000000030d1f3c20:   00007fb468804b01 00007fb468804b80
0x000000030d1f3c30:   0000000000001500 000000030d1f3cd8
0x000000030d1f3c40:   0000000002b4f098 0000000000000000
0x000000030d1f3c50:   000000030d1f3c70 000000010e0de2ef 

Instructions: (pc=0x000000010d9cd870)
0x000000010d9cd770:   4c 8d 75 d0 eb 2e 4c 8d 75 e0 4c 89 f7 e8 1e 26
0x000000010d9cd780:   94 00 48 89 df e8 d6 07 74 00 eb 33 4c 8b 3d 35
0x000000010d9cd790:   bd be 00 4c 8d 75 d8 eb 0b 4c 8b 3d 18 bd be 00
0x000000010d9cd7a0:   4c 8d 75 c8 4c 89 f7 e8 f4 25 94 00 49 83 47 10
0x000000010d9cd7b0:   ff 49 8b 07 48 89 03 49 89 1f 49 83 47 08 01 4c
0x000000010d9cd7c0:   89 f7 e8 a9 26 94 00 48 83 c4 28 5b 41 5e 41 5f
0x000000010d9cd7d0:   5d c3 66 2e 0f 1f 84 00 00 00 00 00 0f 1f 40 00
0x000000010d9cd7e0:   55 48 89 e5 48 89 77 08 48 c7 07 00 00 00 00 5d
0x000000010d9cd7f0:   c3 66 2e 0f 1f 84 00 00 00 00 00 0f 1f 44 00 00
0x000000010d9cd800:   55 48 89 e5 48 89 77 08 48 c7 07 00 00 00 00 5d
0x000000010d9cd810:   c3 66 2e 0f 1f 84 00 00 00 00 00 0f 1f 44 00 00
0x000000010d9cd820:   55 48 89 e5 53 50 48 85 ff 74 15 0f 1f 44 00 00
0x000000010d9cd830:   48 8b 1f e8 e8 fe ff ff 48 89 df 48 85 db 75 f0
0x000000010d9cd840:   48 83 c4 08 5b 5d c3 66 0f 1f 84 00 00 00 00 00
0x000000010d9cd850:   55 48 89 e5 41 56 53 49 89 fe 48 8b 3f 48 85 ff
0x000000010d9cd860:   74 1e 66 2e 0f 1f 84 00 00 00 00 00 0f 1f 40 00
0x000000010d9cd870:   48 8b 1f e8 a8 fe ff ff 48 89 df 48 85 db 75 f0
0x000000010d9cd880:   49 c7 06 00 00 00 00 5b 41 5e 5d c3 0f 1f 40 00
0x000000010d9cd890:   55 48 89 e5 41 56 53 45 31 f6 bf 10 00 00 00 be
0x000000010d9cd8a0:   08 00 00 00 31 d2 e8 b5 84 ff ff 48 85 c0 74 1d
0x000000010d9cd8b0:   48 89 c3 be 88 13 00 00 48 89 c7 e8 60 38 90 00
0x000000010d9cd8c0:   48 8d 05 f1 25 b6 00 48 89 03 49 89 de 4c 89 f7
0x000000010d9cd8d0:   5b 41 5e 5d e9 87 3b 90 00 0f 1f 80 00 00 00 00
0x000000010d9cd8e0:   55 48 89 e5 41 57 41 56 41 54 53 49 89 d6 41 89
0x000000010d9cd8f0:   f7 49 89 fc 89 37 48 c7 47 28 00 00 00 00 49 83
0x000000010d9cd900:   c6 07 49 83 e6 f8 31 db bf 10 00 00 00 31 f6 4c
0x000000010d9cd910:   89 f2 e8 19 fc ff ff 48 85 c0 74 0e 4c 89 70 08
0x000000010d9cd920:   48 c7 00 00 00 00 00 48 89 c3 49 89 5c 24 10 49
0x000000010d9cd930:   89 5c 24 08 48 8d 43 10 49 89 44 24 18 48 03 43
0x000000010d9cd940:   08 49 89 44 24 20 48 8d 05 f3 a5 c0 00 8b 08 83
0x000000010d9cd950:   f9 03 7c 1f 49 63 cf 48 c1 e1 05 48 8d 15 ce cb
0x000000010d9cd960:   bf 00 48 01 d1 48 83 c1 10 ba 01 00 00 00 f0 48 


Stack slot to memory mapping:
stack at sp + 0 slots: 0x00007fb4b9807c80 points into unknown readable memory: 0x00007fb4b8834000 | 00 40 83 b8 b4 7f 00 00
stack at sp + 1 slots: 0x00006000009ff840 points into unknown readable memory: 0x0000000000000006 | 06 00 00 00 00 00 00 00
stack at sp + 2 slots: 0x000000030d1f3da0 is pointing into the stack for thread: 0x00007fb4b901dc00
stack at sp + 3 slots: 0x000000010dba4d51: _ZN13CompileBroker25invoke_compiler_on_methodEP11CompileTask+0x1221 in /Users/ganeev/Library/Java/JavaVirtualMachines/corretto-17.0.5/Contents/Home/lib/server/libjvm.dylib at 0x000000010d866000
stack at sp + 4 slots: 0x00007fb4b9807d30 points into unknown readable memory: 0x00007fb4b8834650 | 50 46 83 b8 b4 7f 00 00
stack at sp + 5 slots: 0x0 is NULL
stack at sp + 6 slots: 0x0 is NULL
stack at sp + 7 slots: 0x0000000200000000 is an unknown value


---------------  P R O C E S S  ---------------

Threads class SMR info:
_java_thread_list=0x00006000007ed5e0, length=11, elements={
0x00007fb4ba808e00, 0x00007fb4b8808c00, 0x00007fb4b8809200, 0x00007fb4b9010000,
0x00007fb4b900e800, 0x00007fb4b901d600, 0x00007fb4b901dc00, 0x00007fb4b901e200,
0x00007fb4ba013000, 0x00007fb4ba013600, 0x00007fb4b8814e00
}

Java Threads: ( => current thread )
  0x00007fb4ba808e00 JavaThread "main" [_thread_in_native, id=259, stack(0x000000030bbb6000,0x000000030c3b6000)]
  0x00007fb4b8808c00 JavaThread "Reference Handler" daemon [_thread_blocked, id=43335, stack(0x000000030ca4c000,0x000000030cb4c000)]
  0x00007fb4b8809200 JavaThread "Finalizer" daemon [_thread_blocked, id=22531, stack(0x000000030cb4f000,0x000000030cc4f000)]
  0x00007fb4b9010000 JavaThread "Signal Dispatcher" daemon [_thread_blocked, id=24835, stack(0x000000030cdeb000,0x000000030ceeb000)]
  0x00007fb4b900e800 JavaThread "Service Thread" daemon [_thread_blocked, id=25603, stack(0x000000030ceee000,0x000000030cfee000)]
  0x00007fb4b901d600 JavaThread "Monitor Deflation Thread" daemon [_thread_blocked, id=40707, stack(0x000000030cff1000,0x000000030d0f1000)]
=>0x00007fb4b901dc00 JavaThread "C2 CompilerThread0" daemon [_thread_in_vm, id=25859, stack(0x000000030d0f4000,0x000000030d1f4000)]
  0x00007fb4b901e200 JavaThread "C1 CompilerThread0" daemon [_thread_blocked, id=39939, stack(0x000000030d1f7000,0x000000030d2f7000)]
  0x00007fb4ba013000 JavaThread "Sweeper thread" daemon [_thread_blocked, id=26371, stack(0x000000030d2fa000,0x000000030d3fa000)]
  0x00007fb4ba013600 JavaThread "Notification Thread" daemon [_thread_blocked, id=27435, stack(0x000000030d3fd000,0x000000030d4fd000)]
  0x00007fb4b8814e00 JavaThread "Common-Cleaner" daemon [_thread_blocked, id=27923, stack(0x000000030d603000,0x000000030d703000)]

Other Threads:
  0x00007fb4b9a0cdf0 VMThread "VM Thread" [stack: 0x000000030c949000,0x000000030ca49000] [id=15107]
  0x00007fb4b8708da0 WatcherThread [stack: 0x000000030d500000,0x000000030d600000] [id=39427]
  0x00007fb4b9906110 GCTaskThread "GC Thread#0" [stack: 0x000000030c43a000,0x000000030c53a000] [id=18691]
  0x00007fb4b9a05730 ConcurrentGCThread "G1 Main Marker" [stack: 0x000000030c53d000,0x000000030c63d000] [id=18435]
  0x00007fb4b9a05fb0 ConcurrentGCThread "G1 Conc#0" [stack: 0x000000030c640000,0x000000030c740000] [id=13571]
  0x00007fb4b9a08810 ConcurrentGCThread "G1 Refine#0" [stack: 0x000000030c743000,0x000000030c843000] [id=17411]
  0x00007fb4b9a090a0 ConcurrentGCThread "G1 Service" [stack: 0x000000030c846000,0x000000030c946000] [id=16899]

Threads with active compile tasks:
C2 CompilerThread0    16393  901       4       com.badlogic.gdx.graphics.g2d.SpriteBatch::flush (193 bytes)

VM state: not at safepoint (normal execution)

VM Mutex/Monitor currently owned by a thread: None

Heap address: 0x0000000780000000, size: 2048 MB, Compressed Oops mode: Zero based, Oop shift amount: 3

CDS archive(s) mapped at: [0x0000000800000000-0x0000000800bd4000-0x0000000800bd4000), size 12402688, SharedBaseAddress: 0x0000000800000000, ArchiveRelocationMode: 0.
Compressed class space mapped at: 0x0000000800c00000-0x0000000840c00000, reserved size: 1073741824
Narrow klass base: 0x0000000800000000, Narrow klass shift: 0, Narrow klass range: 0x100000000

GC Precious Log:
 CPUs: 8 total, 8 available
 Memory: 8192M
 Large Page Support: Disabled
 NUMA Support: Disabled
 Compressed Oops: Enabled (Zero based)
 Heap Region Size: 1M
 Heap Min Capacity: 8M
 Heap Initial Capacity: 128M
 Heap Max Capacity: 2G
 Pre-touch: Disabled
 Parallel Workers: 8
 Concurrent Workers: 2
 Concurrent Refinement Workers: 8
 Periodic GC: Disabled

Heap:
 garbage-first heap   total 133120K, used 15316K [0x0000000780000000, 0x0000000800000000)
  region size 1024K, 16 young (16384K), 0 survivors (0K)
 Metaspace       used 5013K, committed 5184K, reserved 1056768K
  class space    used 331K, committed 384K, reserved 1048576K

Heap Regions: E=young(eden), S=young(survivor), O=old, HS=humongous(starts), HC=humongous(continues), CS=collection set, F=free, OA=open archive, CA=closed archive, TAMS=top-at-mark-start (previous, next)
|   0|0x0000000780000000, 0x0000000780000000, 0x0000000780100000|  0%| F|  |TAMS 0x0000000780000000, 0x0000000780000000| Untracked 
|   1|0x0000000780100000, 0x0000000780100000, 0x0000000780200000|  0%| F|  |TAMS 0x0000000780100000, 0x0000000780100000| Untracked 
|   2|0x0000000780200000, 0x0000000780200000, 0x0000000780300000|  0%| F|  |TAMS 0x0000000780200000, 0x0000000780200000| Untracked 
|   3|0x0000000780300000, 0x0000000780300000, 0x0000000780400000|  0%| F|  |TAMS 0x0000000780300000, 0x0000000780300000| Untracked 
|   4|0x0000000780400000, 0x0000000780400000, 0x0000000780500000|  0%| F|  |TAMS 0x0000000780400000, 0x0000000780400000| Untracked 
|   5|0x0000000780500000, 0x0000000780500000, 0x0000000780600000|  0%| F|  |TAMS 0x0000000780500000, 0x0000000780500000| Untracked 
|   6|0x0000000780600000, 0x0000000780600000, 0x0000000780700000|  0%| F|  |TAMS 0x0000000780600000, 0x0000000780600000| Untracked 
|   7|0x0000000780700000, 0x0000000780700000, 0x0000000780800000|  0%| F|  |TAMS 0x0000000780700000, 0x0000000780700000| Untracked 
|   8|0x0000000780800000, 0x0000000780800000, 0x0000000780900000|  0%| F|  |TAMS 0x0000000780800000, 0x0000000780800000| Untracked 
|   9|0x0000000780900000, 0x0000000780900000, 0x0000000780a00000|  0%| F|  |TAMS 0x0000000780900000, 0x0000000780900000| Untracked 
|  10|0x0000000780a00000, 0x0000000780a00000, 0x0000000780b00000|  0%| F|  |TAMS 0x0000000780a00000, 0x0000000780a00000| Untracked 
|  11|0x0000000780b00000, 0x0000000780b00000, 0x0000000780c00000|  0%| F|  |TAMS 0x0000000780b00000, 0x0000000780b00000| Untracked 
|  12|0x0000000780c00000, 0x0000000780c00000, 0x0000000780d00000|  0%| F|  |TAMS 0x0000000780c00000, 0x0000000780c00000| Untracked 
|  13|0x0000000780d00000, 0x0000000780d00000, 0x0000000780e00000|  0%| F|  |TAMS 0x0000000780d00000, 0x0000000780d00000| Untracked 
|  14|0x0000000780e00000, 0x0000000780e00000, 0x0000000780f00000|  0%| F|  |TAMS 0x0000000780e00000, 0x0000000780e00000| Untracked 
|  15|0x0000000780f00000, 0x0000000780f00000, 0x0000000781000000|  0%| F|  |TAMS 0x0000000780f00000, 0x0000000780f00000| Untracked 
|  16|0x0000000781000000, 0x0000000781000000, 0x0000000781100000|  0%| F|  |TAMS 0x0000000781000000, 0x0000000781000000| Untracked 
|  17|0x0000000781100000, 0x0000000781100000, 0x0000000781200000|  0%| F|  |TAMS 0x0000000781100000, 0x0000000781100000| Untracked 
|  18|0x0000000781200000, 0x0000000781200000, 0x0000000781300000|  0%| F|  |TAMS 0x0000000781200000, 0x0000000781200000| Untracked 
|  19|0x0000000781300000, 0x0000000781300000, 0x0000000781400000|  0%| F|  |TAMS 0x0000000781300000, 0x0000000781300000| Untracked 
|  20|0x0000000781400000, 0x0000000781400000, 0x0000000781500000|  0%| F|  |TAMS 0x0000000781400000, 0x0000000781400000| Untracked 
|  21|0x0000000781500000, 0x0000000781500000, 0x0000000781600000|  0%| F|  |TAMS 0x0000000781500000, 0x0000000781500000| Untracked 
|  22|0x0000000781600000, 0x0000000781600000, 0x0000000781700000|  0%| F|  |TAMS 0x0000000781600000, 0x0000000781600000| Untracked 
|  23|0x0000000781700000, 0x0000000781700000, 0x0000000781800000|  0%| F|  |TAMS 0x0000000781700000, 0x0000000781700000| Untracked 
|  24|0x0000000781800000, 0x0000000781800000, 0x0000000781900000|  0%| F|  |TAMS 0x0000000781800000, 0x0000000781800000| Untracked 
|  25|0x0000000781900000, 0x0000000781900000, 0x0000000781a00000|  0%| F|  |TAMS 0x0000000781900000, 0x0000000781900000| Untracked 
|  26|0x0000000781a00000, 0x0000000781a00000, 0x0000000781b00000|  0%| F|  |TAMS 0x0000000781a00000, 0x0000000781a00000| Untracked 
|  27|0x0000000781b00000, 0x0000000781b00000, 0x0000000781c00000|  0%| F|  |TAMS 0x0000000781b00000, 0x0000000781b00000| Untracked 
|  28|0x0000000781c00000, 0x0000000781c00000, 0x0000000781d00000|  0%| F|  |TAMS 0x0000000781c00000, 0x0000000781c00000| Untracked 
|  29|0x0000000781d00000, 0x0000000781d00000, 0x0000000781e00000|  0%| F|  |TAMS 0x0000000781d00000, 0x0000000781d00000| Untracked 
|  30|0x0000000781e00000, 0x0000000781e00000, 0x0000000781f00000|  0%| F|  |TAMS 0x0000000781e00000, 0x0000000781e00000| Untracked 
|  31|0x0000000781f00000, 0x0000000781f00000, 0x0000000782000000|  0%| F|  |TAMS 0x0000000781f00000, 0x0000000781f00000| Untracked 
|  32|0x0000000782000000, 0x0000000782000000, 0x0000000782100000|  0%| F|  |TAMS 0x0000000782000000, 0x0000000782000000| Untracked 
|  33|0x0000000782100000, 0x0000000782100000, 0x0000000782200000|  0%| F|  |TAMS 0x0000000782100000, 0x0000000782100000| Untracked 
|  34|0x0000000782200000, 0x0000000782200000, 0x0000000782300000|  0%| F|  |TAMS 0x0000000782200000, 0x0000000782200000| Untracked 
|  35|0x0000000782300000, 0x0000000782300000, 0x0000000782400000|  0%| F|  |TAMS 0x0000000782300000, 0x0000000782300000| Untracked 
|  36|0x0000000782400000, 0x0000000782400000, 0x0000000782500000|  0%| F|  |TAMS 0x0000000782400000, 0x0000000782400000| Untracked 
|  37|0x0000000782500000, 0x0000000782500000, 0x0000000782600000|  0%| F|  |TAMS 0x0000000782500000, 0x0000000782500000| Untracked 
|  38|0x0000000782600000, 0x0000000782600000, 0x0000000782700000|  0%| F|  |TAMS 0x0000000782600000, 0x0000000782600000| Untracked 
|  39|0x0000000782700000, 0x0000000782700000, 0x0000000782800000|  0%| F|  |TAMS 0x0000000782700000, 0x0000000782700000| Untracked 
|  40|0x0000000782800000, 0x0000000782800000, 0x0000000782900000|  0%| F|  |TAMS 0x0000000782800000, 0x0000000782800000| Untracked 
|  41|0x0000000782900000, 0x0000000782900000, 0x0000000782a00000|  0%| F|  |TAMS 0x0000000782900000, 0x0000000782900000| Untracked 
|  42|0x0000000782a00000, 0x0000000782a00000, 0x0000000782b00000|  0%| F|  |TAMS 0x0000000782a00000, 0x0000000782a00000| Untracked 
|  43|0x0000000782b00000, 0x0000000782b00000, 0x0000000782c00000|  0%| F|  |TAMS 0x0000000782b00000, 0x0000000782b00000| Untracked 
|  44|0x0000000782c00000, 0x0000000782c00000, 0x0000000782d00000|  0%| F|  |TAMS 0x0000000782c00000, 0x0000000782c00000| Untracked 
|  45|0x0000000782d00000, 0x0000000782d00000, 0x0000000782e00000|  0%| F|  |TAMS 0x0000000782d00000, 0x0000000782d00000| Untracked 
|  46|0x0000000782e00000, 0x0000000782e00000, 0x0000000782f00000|  0%| F|  |TAMS 0x0000000782e00000, 0x0000000782e00000| Untracked 
|  47|0x0000000782f00000, 0x0000000782f00000, 0x0000000783000000|  0%| F|  |TAMS 0x0000000782f00000, 0x0000000782f00000| Untracked 
|  48|0x0000000783000000, 0x0000000783000000, 0x0000000783100000|  0%| F|  |TAMS 0x0000000783000000, 0x0000000783000000| Untracked 
|  49|0x0000000783100000, 0x0000000783100000, 0x0000000783200000|  0%| F|  |TAMS 0x0000000783100000, 0x0000000783100000| Untracked 
|  50|0x0000000783200000, 0x0000000783200000, 0x0000000783300000|  0%| F|  |TAMS 0x0000000783200000, 0x0000000783200000| Untracked 
|  51|0x0000000783300000, 0x0000000783300000, 0x0000000783400000|  0%| F|  |TAMS 0x0000000783300000, 0x0000000783300000| Untracked 
|  52|0x0000000783400000, 0x0000000783400000, 0x0000000783500000|  0%| F|  |TAMS 0x0000000783400000, 0x0000000783400000| Untracked 
|  53|0x0000000783500000, 0x0000000783500000, 0x0000000783600000|  0%| F|  |TAMS 0x0000000783500000, 0x0000000783500000| Untracked 
|  54|0x0000000783600000, 0x0000000783600000, 0x0000000783700000|  0%| F|  |TAMS 0x0000000783600000, 0x0000000783600000| Untracked 
|  55|0x0000000783700000, 0x0000000783700000, 0x0000000783800000|  0%| F|  |TAMS 0x0000000783700000, 0x0000000783700000| Untracked 
|  56|0x0000000783800000, 0x0000000783800000, 0x0000000783900000|  0%| F|  |TAMS 0x0000000783800000, 0x0000000783800000| Untracked 
|  57|0x0000000783900000, 0x0000000783900000, 0x0000000783a00000|  0%| F|  |TAMS 0x0000000783900000, 0x0000000783900000| Untracked 
|  58|0x0000000783a00000, 0x0000000783a00000, 0x0000000783b00000|  0%| F|  |TAMS 0x0000000783a00000, 0x0000000783a00000| Untracked 
|  59|0x0000000783b00000, 0x0000000783b00000, 0x0000000783c00000|  0%| F|  |TAMS 0x0000000783b00000, 0x0000000783b00000| Untracked 
|  60|0x0000000783c00000, 0x0000000783c00000, 0x0000000783d00000|  0%| F|  |TAMS 0x0000000783c00000, 0x0000000783c00000| Untracked 
|  61|0x0000000783d00000, 0x0000000783d00000, 0x0000000783e00000|  0%| F|  |TAMS 0x0000000783d00000, 0x0000000783d00000| Untracked 
|  62|0x0000000783e00000, 0x0000000783e00000, 0x0000000783f00000|  0%| F|  |TAMS 0x0000000783e00000, 0x0000000783e00000| Untracked 
|  63|0x0000000783f00000, 0x0000000783f00000, 0x0000000784000000|  0%| F|  |TAMS 0x0000000783f00000, 0x0000000783f00000| Untracked 
|  64|0x0000000784000000, 0x0000000784000000, 0x0000000784100000|  0%| F|  |TAMS 0x0000000784000000, 0x0000000784000000| Untracked 
|  65|0x0000000784100000, 0x0000000784100000, 0x0000000784200000|  0%| F|  |TAMS 0x0000000784100000, 0x0000000784100000| Untracked 
|  66|0x0000000784200000, 0x0000000784200000, 0x0000000784300000|  0%| F|  |TAMS 0x0000000784200000, 0x0000000784200000| Untracked 
|  67|0x0000000784300000, 0x0000000784300000, 0x0000000784400000|  0%| F|  |TAMS 0x0000000784300000, 0x0000000784300000| Untracked 
|  68|0x0000000784400000, 0x0000000784400000, 0x0000000784500000|  0%| F|  |TAMS 0x0000000784400000, 0x0000000784400000| Untracked 
|  69|0x0000000784500000, 0x0000000784500000, 0x0000000784600000|  0%| F|  |TAMS 0x0000000784500000, 0x0000000784500000| Untracked 
|  70|0x0000000784600000, 0x0000000784600000, 0x0000000784700000|  0%| F|  |TAMS 0x0000000784600000, 0x0000000784600000| Untracked 
|  71|0x0000000784700000, 0x0000000784700000, 0x0000000784800000|  0%| F|  |TAMS 0x0000000784700000, 0x0000000784700000| Untracked 
|  72|0x0000000784800000, 0x0000000784800000, 0x0000000784900000|  0%| F|  |TAMS 0x0000000784800000, 0x0000000784800000| Untracked 
|  73|0x0000000784900000, 0x0000000784900000, 0x0000000784a00000|  0%| F|  |TAMS 0x0000000784900000, 0x0000000784900000| Untracked 
|  74|0x0000000784a00000, 0x0000000784a00000, 0x0000000784b00000|  0%| F|  |TAMS 0x0000000784a00000, 0x0000000784a00000| Untracked 
|  75|0x0000000784b00000, 0x0000000784b00000, 0x0000000784c00000|  0%| F|  |TAMS 0x0000000784b00000, 0x0000000784b00000| Untracked 
|  76|0x0000000784c00000, 0x0000000784c00000, 0x0000000784d00000|  0%| F|  |TAMS 0x0000000784c00000, 0x0000000784c00000| Untracked 
|  77|0x0000000784d00000, 0x0000000784d00000, 0x0000000784e00000|  0%| F|  |TAMS 0x0000000784d00000, 0x0000000784d00000| Untracked 
|  78|0x0000000784e00000, 0x0000000784e00000, 0x0000000784f00000|  0%| F|  |TAMS 0x0000000784e00000, 0x0000000784e00000| Untracked 
|  79|0x0000000784f00000, 0x0000000784f00000, 0x0000000785000000|  0%| F|  |TAMS 0x0000000784f00000, 0x0000000784f00000| Untracked 
|  80|0x0000000785000000, 0x0000000785000000, 0x0000000785100000|  0%| F|  |TAMS 0x0000000785000000, 0x0000000785000000| Untracked 
|  81|0x0000000785100000, 0x0000000785100000, 0x0000000785200000|  0%| F|  |TAMS 0x0000000785100000, 0x0000000785100000| Untracked 
|  82|0x0000000785200000, 0x0000000785200000, 0x0000000785300000|  0%| F|  |TAMS 0x0000000785200000, 0x0000000785200000| Untracked 
|  83|0x0000000785300000, 0x0000000785300000, 0x0000000785400000|  0%| F|  |TAMS 0x0000000785300000, 0x0000000785300000| Untracked 
|  84|0x0000000785400000, 0x0000000785400000, 0x0000000785500000|  0%| F|  |TAMS 0x0000000785400000, 0x0000000785400000| Untracked 
|  85|0x0000000785500000, 0x0000000785500000, 0x0000000785600000|  0%| F|  |TAMS 0x0000000785500000, 0x0000000785500000| Untracked 
|  86|0x0000000785600000, 0x0000000785600000, 0x0000000785700000|  0%| F|  |TAMS 0x0000000785600000, 0x0000000785600000| Untracked 
|  87|0x0000000785700000, 0x0000000785700000, 0x0000000785800000|  0%| F|  |TAMS 0x0000000785700000, 0x0000000785700000| Untracked 
|  88|0x0000000785800000, 0x0000000785800000, 0x0000000785900000|  0%| F|  |TAMS 0x0000000785800000, 0x0000000785800000| Untracked 
|  89|0x0000000785900000, 0x0000000785900000, 0x0000000785a00000|  0%| F|  |TAMS 0x0000000785900000, 0x0000000785900000| Untracked 
|  90|0x0000000785a00000, 0x0000000785a00000, 0x0000000785b00000|  0%| F|  |TAMS 0x0000000785a00000, 0x0000000785a00000| Untracked 
|  91|0x0000000785b00000, 0x0000000785b00000, 0x0000000785c00000|  0%| F|  |TAMS 0x0000000785b00000, 0x0000000785b00000| Untracked 
|  92|0x0000000785c00000, 0x0000000785c00000, 0x0000000785d00000|  0%| F|  |TAMS 0x0000000785c00000, 0x0000000785c00000| Untracked 
|  93|0x0000000785d00000, 0x0000000785d00000, 0x0000000785e00000|  0%| F|  |TAMS 0x0000000785d00000, 0x0000000785d00000| Untracked 
|  94|0x0000000785e00000, 0x0000000785e00000, 0x0000000785f00000|  0%| F|  |TAMS 0x0000000785e00000, 0x0000000785e00000| Untracked 
|  95|0x0000000785f00000, 0x0000000785f00000, 0x0000000786000000|  0%| F|  |TAMS 0x0000000785f00000, 0x0000000785f00000| Untracked 
|  96|0x0000000786000000, 0x0000000786000000, 0x0000000786100000|  0%| F|  |TAMS 0x0000000786000000, 0x0000000786000000| Untracked 
|  97|0x0000000786100000, 0x0000000786100000, 0x0000000786200000|  0%| F|  |TAMS 0x0000000786100000, 0x0000000786100000| Untracked 
|  98|0x0000000786200000, 0x0000000786200000, 0x0000000786300000|  0%| F|  |TAMS 0x0000000786200000, 0x0000000786200000| Untracked 
|  99|0x0000000786300000, 0x0000000786300000, 0x0000000786400000|  0%| F|  |TAMS 0x0000000786300000, 0x0000000786300000| Untracked 
| 100|0x0000000786400000, 0x0000000786400000, 0x0000000786500000|  0%| F|  |TAMS 0x0000000786400000, 0x0000000786400000| Untracked 
| 101|0x0000000786500000, 0x0000000786500000, 0x0000000786600000|  0%| F|  |TAMS 0x0000000786500000, 0x0000000786500000| Untracked 
| 102|0x0000000786600000, 0x0000000786600000, 0x0000000786700000|  0%| F|  |TAMS 0x0000000786600000, 0x0000000786600000| Untracked 
| 103|0x0000000786700000, 0x0000000786700000, 0x0000000786800000|  0%| F|  |TAMS 0x0000000786700000, 0x0000000786700000| Untracked 
| 104|0x0000000786800000, 0x0000000786800000, 0x0000000786900000|  0%| F|  |TAMS 0x0000000786800000, 0x0000000786800000| Untracked 
| 105|0x0000000786900000, 0x0000000786900000, 0x0000000786a00000|  0%| F|  |TAMS 0x0000000786900000, 0x0000000786900000| Untracked 
| 106|0x0000000786a00000, 0x0000000786a00000, 0x0000000786b00000|  0%| F|  |TAMS 0x0000000786a00000, 0x0000000786a00000| Untracked 
| 107|0x0000000786b00000, 0x0000000786b00000, 0x0000000786c00000|  0%| F|  |TAMS 0x0000000786b00000, 0x0000000786b00000| Untracked 
| 108|0x0000000786c00000, 0x0000000786c00000, 0x0000000786d00000|  0%| F|  |TAMS 0x0000000786c00000, 0x0000000786c00000| Untracked 
| 109|0x0000000786d00000, 0x0000000786d00000, 0x0000000786e00000|  0%| F|  |TAMS 0x0000000786d00000, 0x0000000786d00000| Untracked 
| 110|0x0000000786e00000, 0x0000000786e00000, 0x0000000786f00000|  0%| F|  |TAMS 0x0000000786e00000, 0x0000000786e00000| Untracked 
| 111|0x0000000786f00000, 0x0000000786f00000, 0x0000000787000000|  0%| F|  |TAMS 0x0000000786f00000, 0x0000000786f00000| Untracked 
| 112|0x0000000787000000, 0x0000000787042710, 0x0000000787100000| 25%| E|  |TAMS 0x0000000787000000, 0x0000000787000000| Complete 
| 113|0x0000000787100000, 0x00000007871f2c80, 0x0000000787200000| 94%| E|  |TAMS 0x0000000787100000, 0x0000000787100000| Complete 
| 114|0x0000000787200000, 0x0000000787300000, 0x0000000787300000|100%| E|CS|TAMS 0x0000000787200000, 0x0000000787200000| Complete 
| 115|0x0000000787300000, 0x0000000787400000, 0x0000000787400000|100%| E|CS|TAMS 0x0000000787300000, 0x0000000787300000| Complete 
| 116|0x0000000787400000, 0x0000000787500000, 0x0000000787500000|100%| E|CS|TAMS 0x0000000787400000, 0x0000000787400000| Complete 
| 117|0x0000000787500000, 0x0000000787600000, 0x0000000787600000|100%| E|CS|TAMS 0x0000000787500000, 0x0000000787500000| Complete 
| 118|0x0000000787600000, 0x0000000787700000, 0x0000000787700000|100%| E|CS|TAMS 0x0000000787600000, 0x0000000787600000| Complete 
| 119|0x0000000787700000, 0x0000000787800000, 0x0000000787800000|100%| E|CS|TAMS 0x0000000787700000, 0x0000000787700000| Complete 
| 120|0x0000000787800000, 0x0000000787900000, 0x0000000787900000|100%| E|CS|TAMS 0x0000000787800000, 0x0000000787800000| Complete 
| 121|0x0000000787900000, 0x0000000787a00000, 0x0000000787a00000|100%| E|CS|TAMS 0x0000000787900000, 0x0000000787900000| Complete 
| 122|0x0000000787a00000, 0x0000000787b00000, 0x0000000787b00000|100%| E|CS|TAMS 0x0000000787a00000, 0x0000000787a00000| Complete 
| 123|0x0000000787b00000, 0x0000000787c00000, 0x0000000787c00000|100%| E|CS|TAMS 0x0000000787b00000, 0x0000000787b00000| Complete 
| 124|0x0000000787c00000, 0x0000000787d00000, 0x0000000787d00000|100%| E|CS|TAMS 0x0000000787c00000, 0x0000000787c00000| Complete 
| 125|0x0000000787d00000, 0x0000000787e00000, 0x0000000787e00000|100%| E|CS|TAMS 0x0000000787d00000, 0x0000000787d00000| Complete 
| 126|0x0000000787e00000, 0x0000000787f00000, 0x0000000787f00000|100%| E|CS|TAMS 0x0000000787e00000, 0x0000000787e00000| Complete 
| 127|0x0000000787f00000, 0x0000000788000000, 0x0000000788000000|100%| E|CS|TAMS 0x0000000787f00000, 0x0000000787f00000| Complete 
|2046|0x00000007ffe00000, 0x00000007ffe76000, 0x00000007fff00000| 46%|OA|  |TAMS 0x00000007ffe00000, 0x00000007ffe00000| Untracked 
|2047|0x00000007fff00000, 0x00000007fff7f000, 0x0000000800000000| 49%|CA|  |TAMS 0x00000007fff00000, 0x00000007fff00000| Untracked 

Card table byte_map: [0x000000010ce4c000,0x000000010d24c000] _byte_map_base: 0x000000010924c000

Marking Bits (Prev, Next): (CMBitMap*) 0x00007fb4ba808610, (CMBitMap*) 0x00007fb4ba808650
 Prev Bits: [0x0000000126cfb000, 0x0000000128cfb000)
 Next Bits: [0x0000000128cfb000, 0x000000012acfb000)

Polling page: 0x000000010c6d5000

Metaspace:

Usage:
  Non-class:      4.57 MB used.
      Class:    331.84 KB used.
       Both:      4.90 MB used.

Virtual space:
  Non-class space:        8.00 MB reserved,       4.69 MB ( 59%) committed,  1 nodes.
      Class space:        1.00 GB reserved,     384.00 KB ( <1%) committed,  1 nodes.
             Both:        1.01 GB reserved,       5.06 MB ( <1%) committed. 

Chunk freelists:
   Non-Class:  736.00 KB
       Class:  3.50 MB
        Both:  4.22 MB

MaxMetaspaceSize: unlimited
CompressedClassSpaceSize: 1.00 GB
Initial GC threshold: 21.00 MB
Current GC threshold: 21.00 MB
CDS: on
MetaspaceReclaimPolicy: balanced
 - commit_granule_bytes: 65536.
 - commit_granule_words: 8192.
 - virtual_space_node_default_size: 1048576.
 - enlarge_chunks_in_place: 1.
 - new_chunks_are_fully_committed: 0.
 - uncommit_free_chunks: 1.
 - use_allocation_guard: 0.
 - handle_deallocations: 1.


Internal statistics:

num_allocs_failed_limit: 0.
num_arena_births: 66.
num_arena_deaths: 0.
num_vsnodes_births: 2.
num_vsnodes_deaths: 0.
num_space_committed: 79.
num_space_uncommitted: 0.
num_chunks_returned_to_freelist: 0.
num_chunks_taken_from_freelist: 212.
num_chunk_merges: 0.
num_chunk_splits: 146.
num_chunks_enlarged: 114.
num_purges: 0.
num_inconsistent_stats: 0.

CodeHeap 'non-profiled nmethods': size=120028Kb used=309Kb max_used=309Kb free=119718Kb
 bounds [0x000000011f7c4000, 0x000000011fa34000, 0x0000000126cfb000]
CodeHeap 'profiled nmethods': size=120028Kb used=1530Kb max_used=1530Kb free=118497Kb
 bounds [0x000000011828d000, 0x00000001184fd000, 0x000000011f7c4000]
CodeHeap 'non-nmethods': size=5704Kb used=1580Kb max_used=1599Kb free=4123Kb
 bounds [0x0000000117cfb000, 0x0000000117f6b000, 0x000000011828d000]
 total_blobs=1913 nmethods=901 adapters=927
 compilation: enabled
              stopped_count=0, restarted_count=0
 full_count=0

Compilation events (20 events):
Event: 7.317 Thread 0x00007fb4b901e200  892       3       com.mygdx.game.MyGdxGame::render (204 bytes)
Event: 7.319 Thread 0x00007fb4b901e200 nmethod 892 0x0000000118408010 code [0x00000001184084a0, 0x0000000118409e80]
Event: 7.319 Thread 0x00007fb4b901e200  893       3       com.badlogic.gdx.Game::render (25 bytes)
Event: 7.320 Thread 0x00007fb4b901e200 nmethod 893 0x000000011840aa90 code [0x000000011840ac80, 0x000000011840afc0]
Event: 7.320 Thread 0x00007fb4b901e200  894       3       com.badlogic.gdx.backends.lwjgl3.Lwjgl3GL20::glClearColor (9 bytes)
Event: 7.320 Thread 0x00007fb4b901e200 nmethod 894 0x000000011840b210 code [0x000000011840b3c0, 0x000000011840b540]
Event: 7.330 Thread 0x00007fb4b901e200  895       3       org.lwjgl.glfw.GLFW::glfwPollEvents (9 bytes)
Event: 7.330 Thread 0x00007fb4b901e200 nmethod 895 0x000000011840b610 code [0x000000011840b7c0, 0x000000011840b8e0]
Event: 8.932 Thread 0x00007fb4b901dc00  896       4       com.badlogic.gdx.graphics.glutils.ShaderProgram::setVertexAttribute (26 bytes)
Event: 8.939 Thread 0x00007fb4b901dc00 nmethod 896 0x000000011f80bf10 code [0x000000011f80c0c0, 0x000000011f80c398]
Event: 8.939 Thread 0x00007fb4b901dc00  897       4       com.badlogic.gdx.graphics.glutils.ShaderProgram::fetchAttributeLocation (44 bytes)
Event: 8.953 Thread 0x00007fb4b901dc00 nmethod 897 0x000000011f80c690 code [0x000000011f80c840, 0x000000011f80cdf8]
Event: 12.316 Thread 0x00007fb4b901dc00  898       4       com.badlogic.gdx.math.Matrix4::mul (695 bytes)
Event: 12.333 Thread 0x00007fb4b901dc00 nmethod 898 0x000000011f80d290 code [0x000000011f80d420, 0x000000011f80d9b8]
Event: 12.349 Thread 0x00007fb4b901dc00  899       4       java.nio.MappedByteBuffer::limit (6 bytes)
Event: 12.351 Thread 0x00007fb4b901dc00 nmethod 899 0x000000011f80db10 code [0x000000011f80dca0, 0x000000011f80dd98]
Event: 14.482 Thread 0x00007fb4b901dc00  900       4       java.nio.MappedByteBuffer::position (6 bytes)
Event: 14.484 Thread 0x00007fb4b901dc00 nmethod 900 0x000000011f80de90 code [0x000000011f80e020, 0x000000011f80e0f8]
Event: 16.332 Thread 0x00007fb4b901dc00  901       4       com.badlogic.gdx.graphics.g2d.SpriteBatch::flush (193 bytes)
Event: 16.377 Thread 0x00007fb4b901dc00 nmethod 901 0x000000011f80e210 code [0x000000011f80e4e0, 0x000000011f80fa40]

GC Heap History (0 events):
No events

Dll operation events (8 events):
Event: 0.010 Loaded shared library /Users/ganeev/Library/Java/JavaVirtualMachines/corretto-17.0.5/Contents/Home/lib/libjava.dylib
Event: 0.053 Loaded shared library /Users/ganeev/Library/Java/JavaVirtualMachines/corretto-17.0.5/Contents/Home/lib/libnio.dylib
Event: 0.057 Loaded shared library /Users/ganeev/Library/Java/JavaVirtualMachines/corretto-17.0.5/Contents/Home/lib/libzip.dylib
Event: 0.191 Loaded shared library /Users/ganeev/Library/Java/JavaVirtualMachines/corretto-17.0.5/Contents/Home/lib/libjimage.dylib
Event: 0.201 Loaded shared library /private/var/folders/vb/n70yvnbx4j5bhnhdf5cf46tc0000gn/T/libgdxganeev/21f66466/libgdx64.dylib
Event: 0.281 Loaded shared library /Users/ganeev/Library/Java/JavaVirtualMachines/corretto-17.0.5/Contents/Home/lib/libnet.dylib
Event: 0.291 Loaded shared library /private/var/folders/vb/n70yvnbx4j5bhnhdf5cf46tc0000gn/T/lwjglganeev/3.3.1-build-7/liblwjgl.dylib
Event: 0.696 Loaded shared library /private/var/folders/vb/n70yvnbx4j5bhnhdf5cf46tc0000gn/T/lwjglganeev/3.3.1-build-7/liblwjgl_opengl.dylib

Deoptimization events (20 events):
Event: 0.230 Thread 0x00007fb4ba808e00 DEOPT PACKING pc=0x00000001182dfeee sp=0x000000030c3ae670
Event: 0.230 Thread 0x00007fb4ba808e00 DEOPT UNPACKING pc=0x0000000117d4d810 sp=0x000000030c3adae0 mode 0
Event: 0.243 Thread 0x00007fb4ba808e00 DEOPT PACKING pc=0x00000001182dfeee sp=0x000000030c3aad00
Event: 0.243 Thread 0x00007fb4ba808e00 DEOPT UNPACKING pc=0x0000000117d4d810 sp=0x000000030c3aa170 mode 0
Event: 0.274 Thread 0x00007fb4ba808e00 DEOPT PACKING pc=0x00000001182dfeee sp=0x000000030c3ae670
Event: 0.274 Thread 0x00007fb4ba808e00 DEOPT UNPACKING pc=0x0000000117d4d810 sp=0x000000030c3adae0 mode 0
Event: 0.293 Thread 0x00007fb4ba808e00 DEOPT PACKING pc=0x00000001182dfeee sp=0x000000030c3ae760
Event: 0.293 Thread 0x00007fb4ba808e00 DEOPT UNPACKING pc=0x0000000117d4d810 sp=0x000000030c3adbd0 mode 0
Event: 0.320 Thread 0x00007fb4ba808e00 DEOPT PACKING pc=0x00000001182dfeee sp=0x000000030c3af080
Event: 0.320 Thread 0x00007fb4ba808e00 DEOPT UNPACKING pc=0x0000000117d4d810 sp=0x000000030c3ae4f0 mode 0
Event: 0.717 Thread 0x00007fb4ba808e00 Uncommon trap: trap_request=0xffffff45 fr.pc=0x000000011f7c62fc relative=0x000000000000005c
Event: 0.717 Thread 0x00007fb4ba808e00 Uncommon trap: reason=unstable_if action=reinterpret pc=0x000000011f7c62fc method=java.lang.String.isLatin1()Z @ 10 c2
Event: 0.717 Thread 0x00007fb4ba808e00 DEOPT PACKING pc=0x000000011f7c62fc sp=0x000000030c3b03f0
Event: 0.717 Thread 0x00007fb4ba808e00 DEOPT UNPACKING pc=0x0000000117d4d093 sp=0x000000030c3b03a0 mode 2
Event: 0.754 Thread 0x00007fb4ba808e00 Uncommon trap: trap_request=0xffffff5c fr.pc=0x000000011f7f6378 relative=0x0000000000000058
Event: 0.754 Thread 0x00007fb4ba808e00 Uncommon trap: reason=speculate_null_check action=make_not_entrant pc=0x000000011f7f6378 method=sun.misc.Unsafe.getLong(Ljava/lang/Object;J)J @ 5 c2
Event: 0.754 Thread 0x00007fb4ba808e00 DEOPT PACKING pc=0x000000011f7f6378 sp=0x000000030c3b0ae0
Event: 0.754 Thread 0x00007fb4ba808e00 DEOPT UNPACKING pc=0x0000000117d4d093 sp=0x000000030c3b0a78 mode 2
Event: 5.881 Thread 0x00007fb4ba808e00 DEOPT PACKING pc=0x00000001183fe1c9 sp=0x000000030c3b0e10
Event: 5.881 Thread 0x00007fb4ba808e00 DEOPT UNPACKING pc=0x0000000117d4d810 sp=0x000000030c3b0378 mode 0

Classes unloaded (0 events):
No events

Classes redefined (0 events):
No events

Internal exceptions (19 events):
Event: 0.237 Thread 0x00007fb4ba808e00 Exception <a 'java/lang/NoSuchMethodError'{0x0000000787a40558}: 'java.lang.Object java.lang.invoke.DirectMethodHandle$Holder.invokeStaticInit(java.lang.Object)'> (0x0000000787a40558) 
thrown [src/hotspot/share/interpreter/linkResolver.cpp, line 759]
Event: 0.253 Thread 0x00007fb4ba808e00 Exception <a 'java/lang/NoSuchMethodError'{0x0000000787aa9330}: 'void java.lang.invoke.DirectMethodHandle$Holder.invokeStatic(java.lang.Object, java.lang.Object)'> (0x0000000787aa9330) 
thrown [src/hotspot/share/interpreter/linkResolver.cpp, line 759]
Event: 0.255 Thread 0x00007fb4ba808e00 Exception <a 'java/lang/NoSuchMethodError'{0x0000000787aae640}: 'void java.lang.invoke.DirectMethodHandle$Holder.invokeSpecial(java.lang.Object, java.lang.Object, java.lang.Object)'> (0x0000000787aae640) 
thrown [src/hotspot/share/interpreter/linkResolver.cpp, line 759]
Event: 0.259 Thread 0x00007fb4ba808e00 Exception <a 'java/lang/NoSuchMethodError'{0x0000000787ac11d8}: 'java.lang.Object java.lang.invoke.DirectMethodHandle$Holder.invokeStatic(java.lang.Object, java.lang.Object, int)'> (0x0000000787ac11d8) 
thrown [src/hotspot/share/interpreter/linkResolver.cpp, line 759]
Event: 0.260 Thread 0x00007fb4ba808e00 Exception <a 'java/lang/NoSuchMethodError'{0x0000000787accf10}: 'void java.lang.invoke.DelegatingMethodHandle$Holder.delegate(java.lang.Object, java.lang.Object, int, java.lang.Object)'> (0x0000000787accf10) 
thrown [src/hotspot/share/interpreter/linkResolver.cpp, line 759]
Event: 0.261 Thread 0x00007fb4ba808e00 Exception <a 'java/lang/NoSuchMethodError'{0x0000000787ad1120}: 'int java.lang.invoke.DirectMethodHandle$Holder.invokeSpecial(java.lang.Object, java.lang.Object, java.lang.Object)'> (0x0000000787ad1120) 
thrown [src/hotspot/share/interpreter/linkResolver.cpp, line 759]
Event: 0.289 Thread 0x00007fb4ba808e00 Exception <a 'sun/nio/fs/UnixException'{0x0000000787969460}> (0x0000000787969460) 
thrown [src/hotspot/share/prims/jni.cpp, line 516]
Event: 0.301 Thread 0x00007fb4ba808e00 Exception <a 'java/lang/NoSuchMethodError'{0x00000007879a9b68}: 'int java.lang.invoke.DirectMethodHandle$Holder.invokeStaticInit(java.lang.Object, java.lang.Object, int, long)'> (0x00000007879a9b68) 
thrown [src/hotspot/share/interpreter/linkResolver.cpp, line 759]
Event: 0.303 Thread 0x00007fb4ba808e00 Exception <a 'java/lang/NoSuchMethodError'{0x00000007879af430}: 'java.lang.Object java.lang.invoke.DirectMethodHandle$Holder.newInvokeSpecial(java.lang.Object, java.lang.Object, int)'> (0x00000007879af430) 
thrown [src/hotspot/share/interpreter/linkResolver.cpp, line 759]
Event: 0.308 Thread 0x00007fb4ba808e00 Exception <a 'java/lang/NoSuchMethodError'{0x00000007879c3bb8}: 'int java.lang.invoke.DirectMethodHandle$Holder.invokeStaticInit(java.lang.Object, java.lang.Object, long, long)'> (0x00000007879c3bb8) 
thrown [src/hotspot/share/interpreter/linkResolver.cpp, line 759]
Event: 0.308 Thread 0x00007fb4ba808e00 Exception <a 'java/lang/NoSuchMethodError'{0x00000007879c9cc8}: 'java.lang.Object java.lang.invoke.DirectMethodHandle$Holder.newInvokeSpecial(java.lang.Object, java.lang.Object, long)'> (0x00000007879c9cc8) 
thrown [src/hotspot/share/interpreter/linkResolver.cpp, line 759]
Event: 0.311 Thread 0x00007fb4ba808e00 Exception <a 'java/lang/NoSuchMethodError'{0x00000007879cdd10}: 'java.lang.Object java.lang.invoke.Invokers$Holder.linkToTargetMethod(java.lang.Object, long, java.lang.Object)'> (0x00000007879cdd10) 
thrown [src/hotspot/share/interpreter/linkResolver.cpp, line 759]
Event: 0.314 Thread 0x00007fb4ba808e00 Exception <a 'java/lang/NoSuchMethodError'{0x00000007879d5428}: 'int java.lang.invoke.DirectMethodHandle$Holder.invokeStaticInit(java.lang.Object, java.lang.Object, java.lang.Object, long)'> (0x00000007879d5428) 
thrown [src/hotspot/share/interpreter/linkResolver.cpp, line 759]
Event: 0.341 Thread 0x00007fb4ba808e00 Exception <a 'sun/nio/fs/UnixException'{0x00000007878881b0}> (0x00000007878881b0) 
thrown [src/hotspot/share/prims/jni.cpp, line 516]
Event: 0.367 Thread 0x00007fb4ba808e00 Exception <a 'sun/nio/fs/UnixException'{0x0000000787748d60}> (0x0000000787748d60) 
thrown [src/hotspot/share/prims/jni.cpp, line 516]
Event: 0.383 Thread 0x00007fb4ba808e00 Exception <a 'sun/nio/fs/UnixException'{0x0000000787795240}> (0x0000000787795240) 
thrown [src/hotspot/share/prims/jni.cpp, line 516]
Event: 0.494 Thread 0x00007fb4ba808e00 Exception <a 'sun/nio/fs/UnixException'{0x0000000787627938}> (0x0000000787627938) 
thrown [src/hotspot/share/prims/jni.cpp, line 516]
Event: 0.589 Thread 0x00007fb4ba808e00 Exception <a 'java/lang/NoSuchMethodError'{0x0000000787678d20}: 'java.lang.Object java.lang.invoke.DirectMethodHandle$Holder.newInvokeSpecial(java.lang.Object, long)'> (0x0000000787678d20) 
thrown [src/hotspot/share/interpreter/linkResolver.cpp, line 759]
Event: 0.695 Thread 0x00007fb4ba808e00 Exception <a 'sun/nio/fs/UnixException'{0x000000078759ad38}> (0x000000078759ad38) 
thrown [src/hotspot/share/prims/jni.cpp, line 516]

VM Operations (16 events):
Event: 0.195 Executing VM operation: HandshakeAllThreads
Event: 0.195 Executing VM operation: HandshakeAllThreads done
Event: 0.240 Executing VM operation: HandshakeAllThreads
Event: 0.240 Executing VM operation: HandshakeAllThreads done
Event: 0.259 Executing VM operation: HandshakeAllThreads
Event: 0.259 Executing VM operation: HandshakeAllThreads done
Event: 0.755 Executing VM operation: HandshakeAllThreads
Event: 0.755 Executing VM operation: HandshakeAllThreads done
Event: 1.760 Executing VM operation: Cleanup
Event: 1.764 Executing VM operation: Cleanup done
Event: 2.766 Executing VM operation: Cleanup
Event: 2.773 Executing VM operation: Cleanup done
Event: 12.808 Executing VM operation: Cleanup
Event: 12.809 Executing VM operation: Cleanup done
Event: 14.813 Executing VM operation: Cleanup
Event: 14.814 Executing VM operation: Cleanup done

Events (20 events):
Event: 0.705 loading class sun/net/www/protocol/jrt/Handler
Event: 0.705 loading class sun/net/www/protocol/jrt/Handler done
Event: 0.712 loading class sun/util/resources/LocaleData$CommonResourceBundleProvider
Event: 0.712 loading class sun/util/resources/LocaleData$LocaleDataResourceBundleProvider
Event: 0.712 loading class java/util/spi/ResourceBundleProvider
Event: 0.712 loading class java/util/spi/ResourceBundleProvider done
Event: 0.712 loading class sun/util/resources/LocaleData$LocaleDataResourceBundleProvider done
Event: 0.712 loading class sun/util/resources/LocaleData$CommonResourceBundleProvider done
Event: 0.712 loading class java/util/ArrayList$SubList$1
Event: 0.712 loading class java/util/ArrayList$SubList$1 done
Event: 0.713 loading class sun/text/resources/cldr/FormatData_en
Event: 0.713 loading class sun/text/resources/cldr/FormatData_en done
Event: 0.713 loading class sun/util/resources/Bundles$2
Event: 0.713 loading class sun/util/resources/Bundles$2 done
Event: 0.754 loading class java/lang/NumberFormatException
Event: 0.754 loading class java/lang/NumberFormatException done
Event: 0.800 loading class java/util/NoSuchElementException
Event: 0.800 loading class java/util/NoSuchElementException done
Event: 0.835 loading class java/io/UnsupportedEncodingException
Event: 0.835 loading class java/io/UnsupportedEncodingException done


Dynamic libraries:
0x000000010c6d8000 	/Users/ganeev/Library/Java/JavaVirtualMachines/corretto-17.0.5/Contents/Home/lib/libjli.dylib
0x00007ff80dfbd000 	/usr/lib/libz.1.dylib
0x00007ff80e0a3000 	/usr/lib/libSystem.B.dylib
0x00007ff80e09e000 	/usr/lib/system/libcache.dylib
0x00007ff80e05a000 	/usr/lib/system/libcommonCrypto.dylib
0x00007ff80e083000 	/usr/lib/system/libcompiler_rt.dylib
0x00007ff80e079000 	/usr/lib/system/libcopyfile.dylib
0x00007ff802c45000 	/usr/lib/system/libcorecrypto.dylib
0x00007ff802d03000 	/usr/lib/system/libdispatch.dylib
0x00007ff802ec3000 	/usr/lib/system/libdyld.dylib
0x00007ff80e095000 	/usr/lib/system/libkeymgr.dylib
0x00007ff80e038000 	/usr/lib/system/libmacho.dylib
0x00007ff80d6b3000 	/usr/lib/system/libquarantine.dylib
0x00007ff80e093000 	/usr/lib/system/libremovefile.dylib
0x00007ff807d90000 	/usr/lib/system/libsystem_asl.dylib
0x00007ff802bee000 	/usr/lib/system/libsystem_blocks.dylib
0x00007ff802d87000 	/usr/lib/system/libsystem_c.dylib
0x00007ff80e08b000 	/usr/lib/system/libsystem_collections.dylib
0x00007ff80c9e5000 	/usr/lib/system/libsystem_configuration.dylib
0x00007ff80bc91000 	/usr/lib/system/libsystem_containermanager.dylib
0x00007ff80dd6a000 	/usr/lib/system/libsystem_coreservices.dylib
0x00007ff805434000 	/usr/lib/system/libsystem_darwin.dylib
0x00007ff80e096000 	/usr/lib/system/libsystem_dnssd.dylib
0x00007ff802d84000 	/usr/lib/system/libsystem_featureflags.dylib
0x00007ff802ed9000 	/usr/lib/system/libsystem_info.dylib
0x00007ff80dfd0000 	/usr/lib/system/libsystem_m.dylib
0x00007ff802cd7000 	/usr/lib/system/libsystem_malloc.dylib
0x00007ff807d2b000 	/usr/lib/system/libsystem_networkextension.dylib
0x00007ff80585a000 	/usr/lib/system/libsystem_notify.dylib
0x00007ff8143cd000 	/usr/lib/system/libsystem_product_info_filter.dylib
0x00007ff80c9e9000 	/usr/lib/system/libsystem_sandbox.dylib
0x00007ff80e090000 	/usr/lib/system/libsystem_secinit.dylib
0x00007ff802e7f000 	/usr/lib/system/libsystem_kernel.dylib
0x00007ff802ecf000 	/usr/lib/system/libsystem_platform.dylib
0x00007ff802eb7000 	/usr/lib/system/libsystem_pthread.dylib
0x00007ff80964a000 	/usr/lib/system/libsystem_symptoms.dylib
0x00007ff802c2c000 	/usr/lib/system/libsystem_trace.dylib
0x00007ff80e066000 	/usr/lib/system/libunwind.dylib
0x00007ff802bf0000 	/usr/lib/system/libxpc.dylib
0x00007ff802e69000 	/usr/lib/libc++abi.dylib
0x00007ff802d4a000 	/usr/lib/libobjc.A.dylib
0x00007ff80e071000 	/usr/lib/liboah.dylib
0x00007ff802e10000 	/usr/lib/libc++.1.dylib
0x00007ff81a1cc000 	/System/Library/Frameworks/Cocoa.framework/Versions/A/Cocoa
0x00007ff8058b8000 	/System/Library/Frameworks/AppKit.framework/Versions/C/AppKit
0x00007ff808e29000 	/System/Library/Frameworks/CoreData.framework/Versions/A/CoreData
0x00007ff803cbc000 	/System/Library/Frameworks/Foundation.framework/Versions/C/Foundation
0x00007ff806747000 	/System/Library/PrivateFrameworks/UIFoundation.framework/Versions/A/UIFoundation
0x00007ff8140d0000 	/System/Library/PrivateFrameworks/RemoteViewServices.framework/Versions/A/RemoteViewServices
0x00007ff80c36f000 	/System/Library/PrivateFrameworks/XCTTargetBootstrap.framework/Versions/A/XCTTargetBootstrap
0x00007ff80ff68000 	/System/Library/PrivateFrameworks/InternationalSupport.framework/Versions/A/InternationalSupport
0x00007ff80fff2000 	/System/Library/PrivateFrameworks/UserActivity.framework/Versions/A/UserActivity
0x00007ff80f34c000 	/usr/lib/libspindump.dylib
0x00007ff8069d5000 	/System/Library/Frameworks/UniformTypeIdentifiers.framework/Versions/A/UniformTypeIdentifiers
0x00007ff80aa97000 	/usr/lib/libapp_launch_measurement.dylib
0x00007ff80980a000 	/System/Library/PrivateFrameworks/CoreAnalytics.framework/Versions/A/CoreAnalytics
0x00007ff80aa9a000 	/System/Library/PrivateFrameworks/CoreAutoLayout.framework/Versions/A/CoreAutoLayout
0x00007ff80bcc9000 	/System/Library/Frameworks/Metal.framework/Versions/A/Metal
0x00007ff80c9f5000 	/usr/lib/liblangid.dylib
0x00007ff80c374000 	/System/Library/PrivateFrameworks/CoreSVG.framework/Versions/A/CoreSVG
0x00007ff807dc0000 	/System/Library/PrivateFrameworks/SkyLight.framework/Versions/A/SkyLight
0x00007ff80815e000 	/System/Library/Frameworks/CoreGraphics.framework/Versions/A/CoreGraphics
0x00007ff814790000 	/System/Library/Frameworks/Accelerate.framework/Versions/A/Accelerate
0x00007ff80edcb000 	/System/Library/PrivateFrameworks/IconServices.framework/Versions/A/IconServices
0x00007ff80bcae000 	/System/Library/Frameworks/IOSurface.framework/Versions/A/IOSurface
0x00007ff809838000 	/usr/lib/libDiagnosticMessagesClient.dylib
0x00007ff817e70000 	/System/Library/Frameworks/ApplicationServices.framework/Versions/A/ApplicationServices
0x00007ff80c35b000 	/System/Library/PrivateFrameworks/DFRFoundation.framework/Versions/A/DFRFoundation
0x00007ff8051a0000 	/usr/lib/libicucore.A.dylib
0x00007ff810d5d000 	/System/Library/Frameworks/AudioToolbox.framework/Versions/A/AudioToolbox
0x00007ff80ff74000 	/System/Library/PrivateFrameworks/DataDetectorsCore.framework/Versions/A/DataDetectorsCore
0x00007ff90c06c000 	/System/Library/PrivateFrameworks/TextInput.framework/Versions/A/TextInput
0x00007ff807d43000 	/usr/lib/libMobileGestalt.dylib
0x00007ff80c067000 	/System/Library/Frameworks/Carbon.framework/Versions/A/Frameworks/HIToolbox.framework/Versions/A/HIToolbox
0x00007ff80a49d000 	/System/Library/Frameworks/QuartzCore.framework/Versions/A/QuartzCore
0x00007ff804e45000 	/System/Library/Frameworks/Security.framework/Versions/A/Security
0x00007ff814108000 	/System/Library/Frameworks/Carbon.framework/Versions/A/Frameworks/SpeechRecognition.framework/Versions/A/SpeechRecognition
0x00007ff80a7f7000 	/System/Library/PrivateFrameworks/CoreUI.framework/Versions/A/CoreUI
0x00007ff804710000 	/System/Library/Frameworks/CoreAudio.framework/Versions/A/CoreAudio
0x00007ff809927000 	/System/Library/Frameworks/DiskArbitration.framework/Versions/A/DiskArbitration
0x00007ff80f738000 	/System/Library/PrivateFrameworks/MultitouchSupport.framework/Versions/A/MultitouchSupport
0x00007ff807d42000 	/usr/lib/libenergytrace.dylib
0x00007ff8057a4000 	/System/Library/Frameworks/IOKit.framework/Versions/A/IOKit
0x00007ff8144f8000 	/System/Library/Frameworks/CoreServices.framework/Versions/A/CoreServices
0x00007ff80aa31000 	/System/Library/PrivateFrameworks/PerformanceAnalysis.framework/Versions/A/PerformanceAnalysis
0x00007ffa1bc9d000 	/System/Library/Frameworks/OpenGL.framework/Versions/A/OpenGL
0x00007ff80d5d9000 	/System/Library/PrivateFrameworks/MobileKeyBag.framework/Versions/A/MobileKeyBag
0x00007ff808888000 	/System/Library/Frameworks/ColorSync.framework/Versions/A/ColorSync
0x00007ff802f04000 	/System/Library/Frameworks/CoreFoundation.framework/Versions/A/CoreFoundation
0x00007ff80c5eb000 	/System/Library/Frameworks/CoreImage.framework/Versions/A/CoreImage
0x00007ff804524000 	/System/Library/Frameworks/CoreText.framework/Versions/A/CoreText
0x00007ff80c3a4000 	/System/Library/Frameworks/ImageIO.framework/Versions/A/ImageIO
0x00007ff80e0a9000 	/System/Library/PrivateFrameworks/SoftLinking.framework/Versions/A/SoftLinking
0x00007ff80aae2000 	/usr/lib/libxml2.2.dylib
0x00007ff80e32a000 	/usr/lib/libcompression.dylib
0x00007ff80fe9b000 	/System/Library/PrivateFrameworks/TextureIO.framework/Versions/A/TextureIO
0x00007ff80ea44000 	/usr/lib/libate.dylib
0x00007ff80e802000 	/usr/lib/liblzma.5.dylib
0x00007ff8039cb000 	/System/Library/Frameworks/SystemConfiguration.framework/Versions/A/SystemConfiguration
0x00007ff80e0a5000 	/usr/lib/libfakelink.dylib
0x00007ff80789c000 	/System/Library/Frameworks/CFNetwork.framework/Versions/A/CFNetwork
0x00007ff80e1e6000 	/usr/lib/libarchive.2.dylib
0x00007ff80c9f1000 	/System/Library/PrivateFrameworks/AppleSystemInfo.framework/Versions/A/AppleSystemInfo
0x00007ff80d6da000 	/usr/lib/libbsm.0.dylib
0x00007ff806eab000 	/usr/lib/libnetwork.dylib
0x00007ff80e03e000 	/usr/lib/system/libkxld.dylib
0x00007ff80d30d000 	/System/Library/PrivateFrameworks/IOMobileFramebuffer.framework/Versions/A/IOMobileFramebuffer
0x00007ffb1b061000 	/usr/lib/libCoreEntitlements.dylib
0x00007ff80dd4c000 	/System/Library/PrivateFrameworks/AppleFSCompression.framework/Versions/A/AppleFSCompression
0x00007ff80d6c2000 	/usr/lib/libcoretls.dylib
0x00007ff80e81c000 	/usr/lib/libcoretls_cfhelpers.dylib
0x00007ff80e325000 	/usr/lib/libpam.2.dylib
0x00007ff80926d000 	/usr/lib/libsqlite3.dylib
0x00007ff80e88b000 	/usr/lib/libxar.1.dylib
0x00007ff80dd5c000 	/usr/lib/libbz2.1.0.dylib
0x00007ff80e0aa000 	/usr/lib/libpcap.A.dylib
0x00007ff809642000 	/usr/lib/libdns_services.dylib
0x00007ff80e2f8000 	/usr/lib/libapple_nghttp2.dylib
0x00007ff80e0e4000 	/usr/lib/libiconv.2.dylib
0x00007ff80e037000 	/usr/lib/libcharset.1.dylib
0x00007ff80aa65000 	/System/Library/Frameworks/CoreServices.framework/Versions/A/Frameworks/FSEvents.framework/Versions/A/FSEvents
0x00007ff80543e000 	/System/Library/Frameworks/CoreServices.framework/Versions/A/Frameworks/CarbonCore.framework/Versions/A/CarbonCore
0x00007ff80988b000 	/System/Library/Frameworks/CoreServices.framework/Versions/A/Frameworks/Metadata.framework/Versions/A/Metadata
0x00007ff80dd6f000 	/System/Library/Frameworks/CoreServices.framework/Versions/A/Frameworks/OSServices.framework/Versions/A/OSServices
0x00007ff80e26d000 	/System/Library/Frameworks/CoreServices.framework/Versions/A/Frameworks/SearchKit.framework/Versions/A/SearchKit
0x00007ff8095d5000 	/System/Library/Frameworks/CoreServices.framework/Versions/A/Frameworks/AE.framework/Versions/A/AE
0x00007ff803405000 	/System/Library/Frameworks/CoreServices.framework/Versions/A/Frameworks/LaunchServices.framework/Versions/A/LaunchServices
0x00007ff80e7b3000 	/System/Library/Frameworks/CoreServices.framework/Versions/A/Frameworks/DictionaryServices.framework/Versions/A/DictionaryServices
0x00007ff80aa72000 	/System/Library/Frameworks/CoreServices.framework/Versions/A/Frameworks/SharedFileList.framework/Versions/A/SharedFileList
0x00007ff80d6b6000 	/usr/lib/libCheckFix.dylib
0x00007ff807da7000 	/System/Library/PrivateFrameworks/TCC.framework/Versions/A/TCC
0x00007ff80c9f7000 	/System/Library/PrivateFrameworks/CoreNLP.framework/Versions/A/CoreNLP
0x00007ff80983b000 	/System/Library/PrivateFrameworks/MetadataUtilities.framework/Versions/A/MetadataUtilities
0x00007ff803a7f000 	/usr/lib/libmecabra.dylib
0x00007ff80d6ea000 	/usr/lib/libmecab.dylib
0x00007ff803a4a000 	/usr/lib/libCRFSuite.dylib
0x00007ff80d744000 	/usr/lib/libgermantok.dylib
0x00007ff80e2d3000 	/usr/lib/libThaiTokenizer.dylib
0x00007ff80992e000 	/System/Library/Frameworks/Accelerate.framework/Versions/A/Frameworks/vImage.framework/Versions/A/vImage
0x00007ff8144cf000 	/System/Library/Frameworks/Accelerate.framework/Versions/A/Frameworks/vecLib.framework/Versions/A/vecLib
0x00007ff80e8cc000 	/System/Library/Frameworks/Accelerate.framework/Versions/A/Frameworks/vecLib.framework/Versions/A/libvMisc.dylib
0x00007ff80d10c000 	/System/Library/Frameworks/Accelerate.framework/Versions/A/Frameworks/vecLib.framework/Versions/A/libvDSP.dylib
0x00007ff803783000 	/System/Library/Frameworks/Accelerate.framework/Versions/A/Frameworks/vecLib.framework/Versions/A/libBLAS.dylib
0x00007ff80e408000 	/System/Library/Frameworks/Accelerate.framework/Versions/A/Frameworks/vecLib.framework/Versions/A/libLAPACK.dylib
0x00007ff80d747000 	/System/Library/Frameworks/Accelerate.framework/Versions/A/Frameworks/vecLib.framework/Versions/A/libLinearAlgebra.dylib
0x00007ff80e310000 	/System/Library/Frameworks/Accelerate.framework/Versions/A/Frameworks/vecLib.framework/Versions/A/libSparseBLAS.dylib
0x00007ff80e402000 	/System/Library/Frameworks/Accelerate.framework/Versions/A/Frameworks/vecLib.framework/Versions/A/libQuadrature.dylib
0x00007ff80cae2000 	/System/Library/Frameworks/Accelerate.framework/Versions/A/Frameworks/vecLib.framework/Versions/A/libBNNS.dylib
0x00007ff803955000 	/System/Library/Frameworks/Accelerate.framework/Versions/A/Frameworks/vecLib.framework/Versions/A/libSparse.dylib
0x00007ff80cadb000 	/System/Library/PrivateFrameworks/LinguisticData.framework/Versions/A/LinguisticData
0x00007ff80390b000 	/System/Library/PrivateFrameworks/Lexicon.framework/Versions/A/Lexicon
0x00007ff80e8c5000 	/usr/lib/libChineseTokenizer.dylib
0x00007ff804079000 	/System/Library/PrivateFrameworks/LanguageModeling.framework/Versions/A/LanguageModeling
0x00007ff80e2d5000 	/System/Library/PrivateFrameworks/AppleSauce.framework/Versions/A/AppleSauce
0x00007ff80d2fb000 	/System/Library/PrivateFrameworks/CoreEmoji.framework/Versions/A/CoreEmoji
0x00007ff80e1d5000 	/usr/lib/libcmph.dylib
0x00007ff80aa49000 	/System/Library/Frameworks/OpenDirectory.framework/Versions/A/Frameworks/CFOpenDirectory.framework/Versions/A/CFOpenDirectory
0x00007ff80aa3d000 	/System/Library/Frameworks/OpenDirectory.framework/Versions/A/OpenDirectory
0x00007ff80e81e000 	/System/Library/PrivateFrameworks/APFS.framework/Versions/A/APFS
0x00007ff80d611000 	/System/Library/Frameworks/SecurityFoundation.framework/Versions/A/SecurityFoundation
0x00007ff80e899000 	/usr/lib/libutil.dylib
0x00007ff805768000 	/System/Library/PrivateFrameworks/CoreServicesStore.framework/Versions/A/CoreServicesStore
0x00007ff80e89d000 	/usr/lib/libxslt.1.dylib
0x00007ff80d69e000 	/System/Library/PrivateFrameworks/BackgroundTaskManagement.framework/Versions/A/BackgroundTaskManagement
0x00007ff80fdbc000 	/System/Library/Frameworks/ImageIO.framework/Versions/A/Resources/libRadiance.dylib
0x00007ff80fdc5000 	/System/Library/Frameworks/ImageIO.framework/Versions/A/Resources/libJPEG.dylib
0x00007ff80fd17000 	/System/Library/Frameworks/ImageIO.framework/Versions/A/Resources/libPng.dylib
0x00007ff80fd38000 	/System/Library/Frameworks/ImageIO.framework/Versions/A/Resources/libTIFF.dylib
0x00007ff80fe24000 	/System/Library/Frameworks/ImageIO.framework/Versions/A/Resources/libGIF.dylib
0x00007ff80f654000 	/System/Library/Frameworks/ImageIO.framework/Versions/A/Resources/libJP2.dylib
0x00007ff80ed92000 	/usr/lib/libexpat.1.dylib
0x00007ff80f609000 	/System/Library/PrivateFrameworks/AppleJPEG.framework/Versions/A/AppleJPEG
0x00007ff80bf2b000 	/System/Library/PrivateFrameworks/FontServices.framework/libFontParser.dylib
0x00007ff80957f000 	/System/Library/PrivateFrameworks/RunningBoardServices.framework/Versions/A/RunningBoardServices
0x00007ff81a787000 	/System/Library/PrivateFrameworks/IOSurfaceAccelerator.framework/Versions/A/IOSurfaceAccelerator
0x00007ff80f734000 	/System/Library/PrivateFrameworks/WatchdogClient.framework/Versions/A/WatchdogClient
0x00007ff804167000 	/System/Library/Frameworks/CoreDisplay.framework/Versions/A/CoreDisplay
0x00007ff80be29000 	/System/Library/Frameworks/CoreMedia.framework/Versions/A/CoreMedia
0x00007ff80bcc0000 	/System/Library/PrivateFrameworks/IOAccelerator.framework/Versions/A/IOAccelerator
0x00007ff80abc6000 	/System/Library/Frameworks/CoreVideo.framework/Versions/A/CoreVideo
0x00007ff80e323000 	/System/Library/Frameworks/MetalPerformanceShaders.framework/Versions/A/MetalPerformanceShaders
0x00007ff80f771000 	/System/Library/Frameworks/VideoToolbox.framework/Versions/A/VideoToolbox
0x00007ff8094c9000 	/System/Library/PrivateFrameworks/BaseBoard.framework/Versions/A/BaseBoard
0x00007ff809253000 	/System/Library/PrivateFrameworks/ProtocolBuffer.framework/Versions/A/ProtocolBuffer
0x00007ff80fdb5000 	/System/Library/PrivateFrameworks/GPUWrangler.framework/Versions/A/GPUWrangler
0x00007ff80fd99000 	/System/Library/PrivateFrameworks/IOPresentment.framework/Versions/A/IOPresentment
0x00007ff80fdbf000 	/System/Library/PrivateFrameworks/DSExternalDisplay.framework/Versions/A/DSExternalDisplay
0x00007ffa1bc91000 	/System/Library/Frameworks/OpenGL.framework/Versions/A/Libraries/libCoreFSCache.dylib
0x00007ffb08785000 	/System/Library/PrivateFrameworks/GPUCompiler.framework/Versions/31001/Libraries/libGPUCompilerUtils.dylib
0x00007ff80fe29000 	/System/Library/PrivateFrameworks/CMCaptureCore.framework/Versions/A/CMCaptureCore
0x00007ff80f33a000 	/System/Library/PrivateFrameworks/AppServerSupport.framework/Versions/A/AppServerSupport
0x00007ff8115f5000 	/System/Library/PrivateFrameworks/perfdata.framework/Versions/A/perfdata
0x00007ff804293000 	/System/Library/PrivateFrameworks/AudioToolboxCore.framework/Versions/A/AudioToolboxCore
0x00007ff80be07000 	/System/Library/PrivateFrameworks/caulk.framework/Versions/A/caulk
0x00007ff810f07000 	/usr/lib/libAudioStatistics.dylib
0x00007ff90880f000 	/System/Library/PrivateFrameworks/SystemPolicy.framework/Versions/A/SystemPolicy
0x00007ff811162000 	/usr/lib/libSMC.dylib
0x00007ff81a07f000 	/System/Library/Frameworks/CoreMIDI.framework/Versions/A/CoreMIDI
0x00007ff80fce6000 	/usr/lib/libAudioToolboxUtility.dylib
0x00007ff904a44000 	/System/Library/PrivateFrameworks/OSAServicesClient.framework/Versions/A/OSAServicesClient
0x00007ff811602000 	/usr/lib/libperfcheck.dylib
0x00007ff9092b9000 	/usr/lib/libmis.dylib
0x00007ffa1bcec000 	/System/Library/Frameworks/OpenGL.framework/Versions/A/Libraries/libGLU.dylib
0x00007ffa1bcb0000 	/System/Library/Frameworks/OpenGL.framework/Versions/A/Libraries/libGFXShared.dylib
0x00007ffa1beb9000 	/System/Library/Frameworks/OpenGL.framework/Versions/A/Libraries/libGL.dylib
0x00007ffa1bcb9000 	/System/Library/Frameworks/OpenGL.framework/Versions/A/Libraries/libGLImage.dylib
0x00007ffa1bcad000 	/System/Library/Frameworks/OpenGL.framework/Versions/A/Libraries/libCVMSPluginSupport.dylib
0x00007ffa1bc98000 	/System/Library/Frameworks/OpenGL.framework/Versions/A/Libraries/libCoreVMClient.dylib
0x00007ff80c973000 	/System/Library/Frameworks/MetalPerformanceShaders.framework/Versions/A/Frameworks/MPSCore.framework/Versions/A/MPSCore
0x00007ff80dcb7000 	/System/Library/Frameworks/MetalPerformanceShaders.framework/Versions/A/Frameworks/MPSImage.framework/Versions/A/MPSImage
0x00007ff80d75d000 	/System/Library/Frameworks/MetalPerformanceShaders.framework/Versions/A/Frameworks/MPSNeuralNetwork.framework/Versions/A/MPSNeuralNetwork
0x00007ff80dbd1000 	/System/Library/Frameworks/MetalPerformanceShaders.framework/Versions/A/Frameworks/MPSMatrix.framework/Versions/A/MPSMatrix
0x00007ff80d98c000 	/System/Library/Frameworks/MetalPerformanceShaders.framework/Versions/A/Frameworks/MPSRayIntersector.framework/Versions/A/MPSRayIntersector
0x00007ff80dc09000 	/System/Library/Frameworks/MetalPerformanceShaders.framework/Versions/A/Frameworks/MPSNDArray.framework/Versions/A/MPSNDArray
0x00007ffa20eb3000 	/System/Library/Frameworks/MetalPerformanceShaders.framework/Versions/A/Frameworks/MPSFunctions.framework/Versions/A/MPSFunctions
0x00007ff80365c000 	/System/Library/PrivateFrameworks/MetalTools.framework/Versions/A/MetalTools
0x00007ff80c9ef000 	/System/Library/PrivateFrameworks/AggregateDictionary.framework/Versions/A/AggregateDictionary
0x00007ff80eb74000 	/usr/lib/libIOReport.dylib
0x00007ffa1d2c8000 	/System/Library/Frameworks/OpenCL.framework/Versions/A/OpenCL
0x00007ff80eed8000 	/System/Library/PrivateFrameworks/FaceCore.framework/Versions/A/FaceCore
0x00007ff80eec9000 	/System/Library/PrivateFrameworks/GraphVisualizer.framework/Versions/A/GraphVisualizer
0x00007ffb08690000 	/System/Library/PrivateFrameworks/FontServices.framework/Versions/A/FontServices
0x00007ff80f2f2000 	/System/Library/PrivateFrameworks/OTSVG.framework/Versions/A/OTSVG
0x00007ff80a7ad000 	/System/Library/Frameworks/ApplicationServices.framework/Versions/A/Frameworks/ATS.framework/Versions/A/Resources/libFontRegistry.dylib
0x00007ff80f342000 	/System/Library/PrivateFrameworks/FontServices.framework/libhvf.dylib
0x00007ffb08691000 	/System/Library/PrivateFrameworks/FontServices.framework/libXTFontStaticRegistryData.dylib
0x00007ff80ed42000 	/System/Library/PrivateFrameworks/AppleVA.framework/Versions/A/AppleVA
0x00007ff810f27000 	/System/Library/Frameworks/ApplicationServices.framework/Versions/A/Frameworks/ATS.framework/Versions/A/ATS
0x00007ff808986000 	/System/Library/Frameworks/ApplicationServices.framework/Versions/A/Frameworks/HIServices.framework/Versions/A/HIServices
0x00007ff80fe33000 	/System/Library/Frameworks/ApplicationServices.framework/Versions/A/Frameworks/PrintCore.framework/Versions/A/PrintCore
0x00007ff8112b5000 	/System/Library/Frameworks/ApplicationServices.framework/Versions/A/Frameworks/QD.framework/Versions/A/QD
0x00007ff8112ad000 	/System/Library/Frameworks/ApplicationServices.framework/Versions/A/Frameworks/ColorSyncLegacy.framework/Versions/A/ColorSyncLegacy
0x00007ff810f17000 	/System/Library/Frameworks/ApplicationServices.framework/Versions/A/Frameworks/SpeechSynthesis.framework/Versions/A/SpeechSynthesis
0x00007ff80fdf4000 	/System/Library/Frameworks/ApplicationServices.framework/Versions/A/Frameworks/ATSUI.framework/Versions/A/ATSUI
0x00007ff811242000 	/usr/lib/libcups.2.dylib
0x00007ff811611000 	/System/Library/Frameworks/Kerberos.framework/Versions/A/Kerberos
0x00007ff811620000 	/System/Library/Frameworks/GSS.framework/Versions/A/GSS
0x00007ff810f93000 	/usr/lib/libresolv.9.dylib
0x00007ff80f351000 	/System/Library/PrivateFrameworks/Heimdal.framework/Versions/A/Heimdal
0x00007ff818202000 	/System/Library/Frameworks/Kerberos.framework/Versions/A/Libraries/libHeimdalProxy.dylib
0x00007ff809652000 	/System/Library/Frameworks/Network.framework/Versions/A/Network
0x00007ff80edac000 	/usr/lib/libheimdal-asn1.dylib
0x00007ff81166b000 	/System/Library/PrivateFrameworks/CommonAuth.framework/Versions/A/CommonAuth
0x00007ff810e99000 	/System/Library/PrivateFrameworks/AudioSession.framework/Versions/A/AudioSession
0x00007ff80ee3c000 	/System/Library/PrivateFrameworks/MediaExperience.framework/Versions/A/MediaExperience
0x00007ff810d2c000 	/System/Library/PrivateFrameworks/AudioSession.framework/libSessionUtility.dylib
0x00007ff8112c1000 	/System/Library/PrivateFrameworks/AudioResourceArbitration.framework/Versions/A/AudioResourceArbitration
0x00007ff815342000 	/System/Library/PrivateFrameworks/PowerLog.framework/Versions/A/PowerLog
0x00007ff80edb5000 	/System/Library/PrivateFrameworks/IconFoundation.framework/Versions/A/IconFoundation
0x00007ff8140f8000 	/System/Library/PrivateFrameworks/SpeechRecognitionCore.framework/Versions/A/SpeechRecognitionCore
0x000000010d866000 	/Users/ganeev/Library/Java/JavaVirtualMachines/corretto-17.0.5/Contents/Home/lib/server/libjvm.dylib
0x000000010c782000 	/Users/ganeev/Library/Java/JavaVirtualMachines/corretto-17.0.5/Contents/Home/lib/libjimage.dylib
0x000000010c80e000 	/Users/ganeev/Library/Java/JavaVirtualMachines/corretto-17.0.5/Contents/Home/lib/libjava.dylib
0x000000010d7ec000 	/Users/ganeev/Library/Java/JavaVirtualMachines/corretto-17.0.5/Contents/Home/lib/libnio.dylib
0x000000012ccfb000 	/Users/ganeev/Library/Java/JavaVirtualMachines/corretto-17.0.5/Contents/Home/lib/libnet.dylib
0x000000010d838000 	/Users/ganeev/Library/Java/JavaVirtualMachines/corretto-17.0.5/Contents/Home/lib/libzip.dylib
0x000000012ce76000 	/private/var/folders/vb/n70yvnbx4j5bhnhdf5cf46tc0000gn/T/libgdxganeev/21f66466/libgdx64.dylib
0x000000012f4fe000 	/private/var/folders/vb/n70yvnbx4j5bhnhdf5cf46tc0000gn/T/lwjglganeev/3.3.1-build-7/liblwjgl.dylib
0x000000012f590000 	/private/var/folders/vb/n70yvnbx4j5bhnhdf5cf46tc0000gn/T/lwjglganeev/3.3.1-build-7/libjemalloc.dylib
0x000000012f851000 	/private/var/folders/vb/n70yvnbx4j5bhnhdf5cf46tc0000gn/T/lwjglganeev/3.3.1-build-7/libglfw.dylib
0x00007ff80572a000 	/System/Library/PrivateFrameworks/CoreServicesInternal.framework/Versions/A/CoreServicesInternal
0x00007ff815933000 	/System/Library/Frameworks/FileProvider.framework/Versions/A/FileProvider
0x00007ff809436000 	/System/Library/Frameworks/Accounts.framework/Versions/A/Accounts
0x00007ff815aac000 	/System/Library/PrivateFrameworks/GenerationalStorage.framework/Versions/A/GenerationalStorage
0x00007ff8165bc000 	/System/Library/PrivateFrameworks/CoreSymbolication.framework/Versions/A/CoreSymbolication
0x00007ff815337000 	/System/Library/PrivateFrameworks/SymptomDiagnosticReporter.framework/Versions/A/SymptomDiagnosticReporter
0x00007ff8069e9000 	/System/Library/PrivateFrameworks/DesktopServicesPriv.framework/Versions/A/DesktopServicesPriv
0x00007ff805869000 	/usr/lib/libsandbox.1.dylib
0x00007ff80ac45000 	/System/Library/PrivateFrameworks/UserManagement.framework/Versions/A/UserManagement
0x00007ff816581000 	/System/Library/PrivateFrameworks/DebugSymbols.framework/Versions/A/DebugSymbols
0x00007ff8112a2000 	/System/Library/PrivateFrameworks/NetAuth.framework/Versions/A/NetAuth
0x00007ff8121b1000 	/System/Library/PrivateFrameworks/Sharing.framework/Versions/A/Sharing
0x00007ff80ac18000 	/System/Library/PrivateFrameworks/login.framework/Versions/A/Frameworks/loginsupport.framework/Versions/A/loginsupport
0x00007ff81771f000 	/System/Library/PrivateFrameworks/Apple80211.framework/Versions/A/Apple80211
0x00007ff80dd9c000 	/System/Library/PrivateFrameworks/AuthKit.framework/Versions/A/AuthKit
0x00007ff80d3f1000 	/System/Library/PrivateFrameworks/CoreUtils.framework/Versions/A/CoreUtils
0x00007ff80d318000 	/System/Library/Frameworks/CoreWLAN.framework/Versions/A/CoreWLAN
0x00007ff812310000 	/System/Library/Frameworks/IOBluetooth.framework/Versions/A/IOBluetooth
0x00007ff817787000 	/System/Library/PrivateFrameworks/CoreWiFi.framework/Versions/A/CoreWiFi
0x00007ff816156000 	/System/Library/PrivateFrameworks/FrontBoardServices.framework/Versions/A/FrontBoardServices
0x00007ff8161e7000 	/System/Library/PrivateFrameworks/BoardServices.framework/Versions/A/BoardServices
0x00007ff80d600000 	/System/Library/PrivateFrameworks/AssertionServices.framework/Versions/A/AssertionServices
0x00007ff81790a000 	/System/Library/PrivateFrameworks/BackBoardServices.framework/Versions/A/BackBoardServices
0x00007ff8116fc000 	/System/Library/PrivateFrameworks/CorePhoneNumbers.framework/Versions/A/CorePhoneNumbers
0x00007ff810fc0000 	/System/Library/PrivateFrameworks/MultiverseSupport.framework/Versions/A/MultiverseSupport
0x00007ff817b7d000 	/System/Library/PrivateFrameworks/RemoteServiceDiscovery.framework/Versions/A/RemoteServiceDiscovery
0x00007ff815454000 	/System/Library/PrivateFrameworks/DiskManagement.framework/Versions/A/DiskManagement
0x00007ff815368000 	/System/Library/PrivateFrameworks/AppleIDAuthSupport.framework/Versions/A/AppleIDAuthSupport
0x00007ffb03027000 	/System/Library/PrivateFrameworks/AAAFoundation.framework/Versions/A/AAAFoundation
0x00007ff8116dd000 	/System/Library/PrivateFrameworks/KeychainCircle.framework/Versions/A/KeychainCircle
0x00007ff817b8d000 	/System/Library/PrivateFrameworks/RemoteXPC.framework/Versions/A/RemoteXPC
0x00007ff815420000 	/System/Library/PrivateFrameworks/MediaKit.framework/Versions/A/MediaKit
0x00007ff815374000 	/System/Library/Frameworks/DiscRecording.framework/Versions/A/DiscRecording
0x00007ff80ecba000 	/usr/lib/libCoreStorage.dylib
0x00007ff817bf8000 	/usr/lib/libcsfde.dylib
0x00007ff8123dd000 	/System/Library/PrivateFrameworks/ProtectedCloudStorage.framework/Versions/A/ProtectedCloudStorage
0x00007ff817bf4000 	/System/Library/PrivateFrameworks/EFILogin.framework/Versions/A/EFILogin
0x00007ff815ad2000 	/System/Library/PrivateFrameworks/OctagonTrust.framework/Versions/A/OctagonTrust
0x00007ffb078f3000 	/System/Library/PrivateFrameworks/CoreUtilsExtras.framework/Versions/A/CoreUtilsExtras
0x00007ff81529b000 	/System/Library/Frameworks/CoreBluetooth.framework/Versions/A/CoreBluetooth
0x00007ff818287000 	/System/Library/Frameworks/AudioUnit.framework/Versions/A/AudioUnit
0x00007ff80ecb2000 	/usr/lib/libMatch.1.dylib
0x00007ff80a93d000 	/System/Library/PrivateFrameworks/ViewBridge.framework/Versions/A/ViewBridge
0x0000000131553000 	/private/var/folders/vb/n70yvnbx4j5bhnhdf5cf46tc0000gn/T/lwjglganeev/3.3.1-build-7/libopenal.dylib
0x0000000131a67000 	/System/Library/Components/CoreAudio.component/Contents/MacOS/CoreAudio
0x0000000131780000 	/usr/lib/libobjc-trampolines.dylib
0x00007ff90d8cb000 	/System/Library/Frameworks/Accelerate.framework/Versions/A/Frameworks/vImage.framework/Versions/A/Libraries/libCGInterfaces.dylib
0x00007ff80f408000 	/System/Library/PrivateFrameworks/login.framework/Versions/A/login
0x00007ffa1bec4000 	/System/Library/Frameworks/OpenGL.framework/Versions/A/Resources/GLEngine.bundle/GLEngine
0x00007ffa1bd2a000 	/System/Library/Frameworks/OpenGL.framework/Versions/A/Libraries/libGLProgrammability.dylib
0x00000001331aa000 	/System/Library/Extensions/AppleMetalOpenGLRenderer.bundle/Contents/MacOS/AppleMetalOpenGLRenderer
0x00007ffa1c04e000 	/System/Library/Frameworks/OpenGL.framework/Versions/A/Resources/GLRendererFloat.bundle/GLRendererFloat
0x00007ffa1de66000 	/System/Library/Extensions/AGXMetal13_3.bundle/Contents/MacOS/AGXMetal13_3
0x00007ff9092d4000 	/System/Library/PrivateFrameworks/GPURawCounter.framework/Versions/A/GPURawCounter
0x00007ff903bed000 	/System/Library/PrivateFrameworks/IOGPU.framework/Versions/A/IOGPU
0x0000000137010000 	/private/var/folders/vb/n70yvnbx4j5bhnhdf5cf46tc0000gn/T/lwjglganeev/3.3.1-build-7/liblwjgl_opengl.dylib
0x00007ffb1b150000 	/usr/lib/libRosetta.dylib


VM Arguments:
jvm_args: -Dfile.encoding=UTF-8 -Duser.country=IN -Duser.language=en -Duser.variant 
java_command: com.mygdx.game.DesktopLauncher
java_class_path (initial): /Users/ganeev/Desktop/game/desktop/build/classes/java/main:/Users/ganeev/Desktop/game/desktop/build/resources/main:/Users/ganeev/.gradle/caches/modules-2/files-2.1/com.badlogicgames.gdx/gdx-backend-lwjgl3/1.11.0/58a96db4cd349be4292d547856aa1e1c5f065f4e/gdx-backend-lwjgl3-1.11.0.jar:/Users/ganeev/.gradle/caches/modules-2/files-2.1/com.badlogicgames.gdx/gdx-platform/1.11.0/697fb13eada6d3c6ca648c9788692b0159add126/gdx-platform-1.11.0-natives-desktop.jar:/Users/ganeev/Desktop/game/core/build/libs/core-1.0.jar:/Users/ganeev/.gradle/caches/modules-2/files-2.1/com.badlogicgames.gdx/gdx/1.11.0/ffe1206d1004cd9e40027e28964be0fea0399af7/gdx-1.11.0.jar:/Users/ganeev/.gradle/caches/modules-2/files-2.1/org.lwjgl/lwjgl-glfw/3.3.1/cbac1b8d30cb4795149c1ef540f912671a8616d0/lwjgl-glfw-3.3.1.jar:/Users/ganeev/.gradle/caches/modules-2/files-2.1/org.lwjgl/lwjgl-glfw/3.3.1/81716978214ecbda15050ca394b06ef61501a49e/lwjgl-glfw-3.3.1-natives-linux.jar:/Users/ganeev/.gradle/caches/modules-2/files-2.1/org.lwjgl/lwjgl-glfw/3.3.1/816d935933f2dd743074c4e717cc25b55720f294/lwjgl-glfw-3.3.1-natives-linux-arm32.jar:/Users/ganeev/.gradle/caches/modules-2/files-2.1/org.lwjgl/lwjgl-glfw/3.3.1/513eb39b866d0fe131a18d5c517087805433b029/lwjgl-glfw-3.3.1-natives-linux-arm64.jar:/Users/ganeev/.gradle/caches/modules-2/files-2.1/org.lwjgl/lwjgl-glfw/3.3.1/9ec4ce1fc8c85fdef03ef4ff2aace6f5775fb280/lwjgl-glfw-3.3.1-natives-macos.jar:/Users/ganeev/.gradle/caches/modules-2/files-2.1/org.lwjgl/lwjgl-glfw/3.3.1/cac0d3f712a3da7641fa174735a5f315de7ffe0a/lwjgl-glfw-3.3.1-natives-macos-arm64.jar:/Users/ganeev/.gradle/caches/modules-2/files-2.1/org.lwjgl/lwjgl-glfw/3.3.1/ed892f945cf7e79c8756796f32d00fa4ceaf573b/lwjgl-glfw-3.3.1-natives-windows.jar:/Users/ganeev/.gradle/caches/modules-2/files-2.1/org.lwjgl/lwjgl-glfw/3.3.1/b997e3391d6ce8f05487e7335d95c606043884a1/lwjgl-glfw-3.3.1-natives-windows-x86.jar:/Users/ganeev/.gradle/caches/modules-2/files-2.1/org.lwjgl/lwjgl-jemalloc/3.3.1/a817bcf213db49
Launcher Type: SUN_STANDARD

[Global flags]
     intx CICompilerCount                          = 4                                         {product} {ergonomic}
     uint ConcGCThreads                            = 2                                         {product} {ergonomic}
     uint G1ConcRefinementThreads                  = 8                                         {product} {ergonomic}
   size_t G1HeapRegionSize                         = 1048576                                   {product} {ergonomic}
    uintx GCDrainStackTargetSize                   = 64                                        {product} {ergonomic}
   size_t InitialHeapSize                          = 134217728                                 {product} {ergonomic}
   size_t MarkStackSize                            = 4194304                                   {product} {ergonomic}
   size_t MaxHeapSize                              = 2147483648                                {product} {ergonomic}
   size_t MaxNewSize                               = 1287651328                                {product} {ergonomic}
   size_t MinHeapDeltaBytes                        = 1048576                                   {product} {ergonomic}
   size_t MinHeapSize                              = 8388608                                   {product} {ergonomic}
    uintx NonNMethodCodeHeapSize                   = 5839372                                {pd product} {ergonomic}
    uintx NonProfiledCodeHeapSize                  = 122909434                              {pd product} {ergonomic}
    uintx ProfiledCodeHeapSize                     = 122909434                              {pd product} {ergonomic}
    uintx ReservedCodeCacheSize                    = 251658240                              {pd product} {ergonomic}
     bool SegmentedCodeCache                       = true                                      {product} {ergonomic}
   size_t SoftMaxHeapSize                          = 2147483648                             {manageable} {ergonomic}
     bool UseCompressedClassPointers               = true                           {product lp64_product} {ergonomic}
     bool UseCompressedOops                        = true                           {product lp64_product} {ergonomic}
     bool UseG1GC                                  = true                                      {product} {ergonomic}
     bool UseNUMA                                  = false                                     {product} {ergonomic}
     bool UseNUMAInterleaving                      = false                                     {product} {ergonomic}

Logging:
Log output configuration:
 #0: stdout all=warning uptime,level,tags
 #1: stderr all=off uptime,level,tags

Environment Variables:
PATH=/opt/local/bin:/opt/local/sbin:/Library/Frameworks/Python.framework/Versions/3.10/bin:/usr/local/bin:/usr/bin:/bin:/usr/sbin:/sbin
SHELL=/bin/zsh
LC_CTYPE=en_IN.UTF-8
TMPDIR=/var/folders/vb/n70yvnbx4j5bhnhdf5cf46tc0000gn/T/

Signal Handlers:
   SIGSEGV: _ZL13crash_handleriP9__siginfoPv in libjvm.dylib, mask=11100110100111111111111111111111, flags=SA_RESTART|SA_SIGINFO
    SIGBUS: _ZL13crash_handleriP9__siginfoPv in libjvm.dylib, mask=11100110100111111111111111111111, flags=SA_RESTART|SA_SIGINFO
    SIGFPE: _ZL13crash_handleriP9__siginfoPv in libjvm.dylib, mask=11100110100111111111111111111111, flags=SA_RESTART|SA_SIGINFO
   SIGPIPE: _ZL17javaSignalHandleriP9__siginfoPv in libjvm.dylib, mask=11100110100111111111111111111111, flags=SA_RESTART|SA_SIGINFO
   SIGXFSZ: _ZL17javaSignalHandleriP9__siginfoPv in libjvm.dylib, mask=11100110100111111111111111111111, flags=SA_RESTART|SA_SIGINFO
    SIGILL: _ZL13crash_handleriP9__siginfoPv in libjvm.dylib, mask=11100110100111111111111111111111, flags=SA_RESTART|SA_SIGINFO
   SIGUSR2: _ZL10SR_handleriP9__siginfoP17__darwin_ucontext in libjvm.dylib, mask=00100000000000000000000000000000, flags=SA_RESTART|SA_SIGINFO
    SIGHUP: _ZL11UserHandleriPvS_ in libjvm.dylib, mask=11100110100111111111111111111111, flags=SA_RESTART|SA_SIGINFO
    SIGINT: _ZL11UserHandleriPvS_ in libjvm.dylib, mask=11100110100111111111111111111111, flags=SA_RESTART|SA_SIGINFO
   SIGTERM: _ZL11UserHandleriPvS_ in libjvm.dylib, mask=11100110100111111111111111111111, flags=SA_RESTART|SA_SIGINFO
   SIGQUIT: _ZL11UserHandleriPvS_ in libjvm.dylib, mask=11100110100111111111111111111111, flags=SA_RESTART|SA_SIGINFO
  *** Handler was modified!
  *** Expected: _ZL17javaSignalHandleriP9__siginfoPv in libjvm.dylib, mask=11100110100111111111111111111111, flags=SA_RESTART|SA_SIGINFO
   SIGTRAP: _ZL13crash_handleriP9__siginfoPv in libjvm.dylib, mask=11100110100111111111111111111111, flags=SA_RESTART|SA_SIGINFO


---------------  S Y S T E M  ---------------

OS:
uname: Darwin 21.5.0 Darwin Kernel Version 21.5.0: Tue Apr 26 21:08:29 PDT 2022; root:xnu-8020.121.3~4/RELEASE_ARM64_T8101 x86_64
OS uptime: 0 days 17:42 hours
rlimit (soft/hard): STACK 8176k/65520k , CORE 0k/infinity , NPROC 1333/2000 , NOFILE 10240/infinity , AS infinity/infinity , CPU infinity/infinity , DATA infinity/infinity , FSIZE infinity/infinity , MEMLOCK infinity/infinity , RSS infinity/infinity
load average: 2.40 2.52 2.89

CPU: (EMULATED) total 8 (initial active 8) (1 cores per cpu, 1 threads per core) family 6 model 44 stepping 0 microcode 0x0, cx8, cmov, fxsr, mmx, sse, sse2, sse3, ssse3, sse4.1, sse4.2, popcnt, tsc, tscinvbit, aes, clmul, clflush

Memory: 4k page, physical 8388608k(15364k free), swap 3145728k(1233408k free)

vm_info: OpenJDK 64-Bit Server VM (17.0.5+8-LTS) for bsd-amd64 JRE (17.0.5+8-LTS), built on Oct 13 2022 05:04:24 by "ec2user" with clang Apple LLVM 13.0.0 (clang-1300.0.29.30)

END.
